TN:
SF:controllers\analytics.controller.js
FN:5,(anonymous_0)
FN:85,(anonymous_1)
FNF:2
FNH:0
FNDA:0,(anonymous_0)
FNDA:0,(anonymous_1)
DA:1,0
DA:2,0
DA:3,0
DA:5,0
DA:6,0
DA:7,0
DA:10,0
DA:11,0
DA:14,0
DA:15,0
DA:19,0
DA:20,0
DA:22,0
DA:23,0
DA:25,0
DA:26,0
DA:27,0
DA:28,0
DA:29,0
DA:30,0
DA:31,0
DA:32,0
DA:35,0
DA:77,0
DA:78,0
DA:84,0
DA:85,0
DA:87,0
LF:28
LH:0
BRDA:10,0,0,0
BRDA:10,0,1,0
BRDA:10,1,0,0
BRDA:10,1,1,0
BRDA:14,2,0,0
BRDA:14,2,1,0
BRDA:14,3,0,0
BRDA:14,3,1,0
BRDA:25,4,0,0
BRDA:25,4,1,0
BRDA:27,5,0,0
BRDA:27,5,1,0
BRDA:30,6,0,0
BRDA:30,6,1,0
BRDA:77,7,0,0
BRDA:77,7,1,0
BRF:16
BRH:0
end_of_record
TN:
SF:controllers\auth.controller.js
FN:14,(anonymous_0)
FN:31,(anonymous_1)
FN:37,(anonymous_2)
FN:40,(anonymous_3)
FN:271,(anonymous_4)
FN:327,(anonymous_5)
FN:458,(anonymous_6)
FN:479,(anonymous_7)
FN:524,(anonymous_8)
FN:586,(anonymous_9)
FN:613,(anonymous_10)
FNF:11
FNH:0
FNDA:0,(anonymous_0)
FNDA:0,(anonymous_1)
FNDA:0,(anonymous_2)
FNDA:0,(anonymous_3)
FNDA:0,(anonymous_4)
FNDA:0,(anonymous_5)
FNDA:0,(anonymous_6)
FNDA:0,(anonymous_7)
FNDA:0,(anonymous_8)
FNDA:0,(anonymous_9)
FNDA:0,(anonymous_10)
DA:1,0
DA:2,0
DA:3,0
DA:4,0
DA:5,0
DA:6,0
DA:7,0
DA:9,0
DA:10,0
DA:12,0
DA:14,0
DA:15,0
DA:16,0
DA:18,0
DA:28,0
DA:31,0
DA:32,0
DA:33,0
DA:34,0
DA:37,0
DA:38,0
DA:40,0
DA:41,0
DA:42,0
DA:43,0
DA:44,0
DA:45,0
DA:47,0
DA:53,0
DA:54,0
DA:55,0
DA:56,0
DA:58,0
DA:59,0
DA:60,0
DA:63,0
DA:64,0
DA:65,0
DA:66,0
DA:67,0
DA:68,0
DA:70,0
DA:72,0
DA:74,0
DA:75,0
DA:77,0
DA:79,0
DA:80,0
DA:81,0
DA:82,0
DA:83,0
DA:85,0
DA:86,0
DA:87,0
DA:91,0
DA:105,0
DA:107,0
DA:115,0
DA:118,0
DA:126,0
DA:129,0
DA:135,0
DA:139,0
DA:142,0
DA:147,0
DA:148,0
DA:150,0
DA:151,0
DA:152,0
DA:158,0
DA:159,0
DA:160,0
DA:169,0
DA:170,0
DA:172,0
DA:180,0
DA:181,0
DA:182,0
DA:183,0
DA:184,0
DA:185,0
DA:192,0
DA:193,0
DA:200,0
DA:201,0
DA:212,0
DA:213,0
DA:214,0
DA:215,0
DA:216,0
DA:217,0
DA:224,0
DA:225,0
DA:232,0
DA:233,0
DA:244,0
DA:246,0
DA:251,0
DA:252,0
DA:255,0
DA:256,0
DA:263,0
DA:264,0
DA:266,0
DA:271,0
DA:272,0
DA:273,0
DA:275,0
DA:276,0
DA:282,0
DA:287,0
DA:288,0
DA:293,0
DA:294,0
DA:296,0
DA:297,0
DA:302,0
DA:303,0
DA:304,0
DA:308,0
DA:311,0
DA:312,0
DA:313,0
DA:318,0
DA:320,0
DA:321,0
DA:323,0
DA:327,0
DA:328,0
DA:329,0
DA:333,0
DA:334,0
DA:336,0
DA:337,0
DA:338,0
DA:339,0
DA:340,0
DA:342,0
DA:350,0
DA:354,0
DA:355,0
DA:356,0
DA:357,0
DA:358,0
DA:360,0
DA:366,0
DA:369,0
DA:370,0
DA:371,0
DA:373,0
DA:374,0
DA:375,0
DA:376,0
DA:377,0
DA:379,0
DA:385,0
DA:386,0
DA:387,0
DA:390,0
DA:391,0
DA:393,0
DA:399,0
DA:400,0
DA:401,0
DA:402,0
DA:403,0
DA:404,0
DA:406,0
DA:411,0
DA:412,0
DA:415,0
DA:417,0
DA:418,0
DA:419,0
DA:420,0
DA:421,0
DA:423,0
DA:429,0
DA:430,0
DA:431,0
DA:432,0
DA:433,0
DA:434,0
DA:436,0
DA:442,0
DA:448,0
DA:450,0
DA:451,0
DA:453,0
DA:458,0
DA:459,0
DA:460,0
DA:461,0
DA:462,0
DA:463,0
DA:464,0
DA:465,0
DA:470,0
DA:479,0
DA:480,0
DA:481,0
DA:482,0
DA:483,0
DA:486,0
DA:488,0
DA:490,0
DA:491,0
DA:494,0
DA:497,0
DA:498,0
DA:500,0
DA:501,0
DA:502,0
DA:503,0
DA:509,0
DA:515,0
DA:524,0
DA:525,0
DA:526,0
DA:529,0
DA:535,0
DA:540,0
DA:541,0
DA:544,0
DA:545,0
DA:548,0
DA:549,0
DA:554,0
DA:555,0
DA:556,0
DA:565,0
DA:568,0
DA:569,0
DA:572,0
DA:575,0
DA:577,0
DA:582,0
DA:586,0
DA:587,0
DA:588,0
DA:589,0
DA:590,0
DA:595,0
DA:596,0
DA:597,0
DA:601,0
DA:602,0
DA:603,0
DA:609,0
DA:613,0
DA:614,0
DA:615,0
DA:616,0
DA:618,0
DA:619,0
DA:626,0
DA:627,0
DA:628,0
DA:629,0
DA:631,0
DA:632,0
DA:633,0
DA:634,0
DA:635,0
DA:636,0
DA:637,0
DA:638,0
DA:639,0
DA:640,0
DA:641,0
DA:642,0
DA:646,0
DA:648,0
DA:649,0
DA:656,0
DA:657,0
DA:662,0
DA:663,0
DA:668,0
DA:669,0
DA:674,0
DA:675,0
DA:683,0
DA:689,0
DA:690,0
DA:697,0
DA:698,0
DA:699,0
DA:700,0
DA:701,0
DA:705,0
DA:706,0
DA:707,0
DA:708,0
DA:709,0
DA:710,0
DA:711,0
DA:714,0
DA:715,0
DA:718,0
DA:724,0
DA:725,0
LF:302
LH:0
BRDA:14,0,0,0
BRDA:42,1,0,0
BRDA:42,1,1,0
BRDA:44,2,0,0
BRDA:44,2,1,0
BRDA:53,3,0,0
BRDA:53,3,1,0
BRDA:54,4,0,0
BRDA:54,4,1,0
BRDA:58,5,0,0
BRDA:58,5,1,0
BRDA:63,6,0,0
BRDA:63,6,1,0
BRDA:65,7,0,0
BRDA:65,7,1,0
BRDA:66,8,0,0
BRDA:66,8,1,0
BRDA:67,9,0,0
BRDA:67,9,1,0
BRDA:70,10,0,0
BRDA:70,10,1,0
BRDA:72,11,0,0
BRDA:72,11,1,0
BRDA:74,12,0,0
BRDA:74,12,1,0
BRDA:79,13,0,0
BRDA:79,13,1,0
BRDA:79,14,0,0
BRDA:79,14,1,0
BRDA:81,15,0,0
BRDA:81,15,1,0
BRDA:82,16,0,0
BRDA:82,16,1,0
BRDA:85,17,0,0
BRDA:85,17,1,0
BRDA:86,18,0,0
BRDA:86,18,1,0
BRDA:92,19,0,0
BRDA:92,19,1,0
BRDA:93,20,0,0
BRDA:93,20,1,0
BRDA:94,21,0,0
BRDA:94,21,1,0
BRDA:95,22,0,0
BRDA:95,22,1,0
BRDA:96,23,0,0
BRDA:96,23,1,0
BRDA:97,24,0,0
BRDA:97,24,1,0
BRDA:98,25,0,0
BRDA:98,25,1,0
BRDA:105,26,0,0
BRDA:105,26,1,0
BRDA:105,26,2,0
BRDA:142,27,0,0
BRDA:142,27,1,0
BRDA:143,28,0,0
BRDA:143,28,1,0
BRDA:143,28,2,0
BRDA:163,29,0,0
BRDA:163,29,1,0
BRDA:184,30,0,0
BRDA:184,30,1,0
BRDA:192,31,0,0
BRDA:192,31,1,0
BRDA:200,32,0,0
BRDA:200,32,1,0
BRDA:216,33,0,0
BRDA:216,33,1,0
BRDA:224,34,0,0
BRDA:224,34,1,0
BRDA:232,35,0,0
BRDA:232,35,1,0
BRDA:244,36,0,0
BRDA:244,36,1,0
BRDA:255,37,0,0
BRDA:255,37,1,0
BRDA:263,38,0,0
BRDA:263,38,1,0
BRDA:275,39,0,0
BRDA:275,39,1,0
BRDA:275,40,0,0
BRDA:275,40,1,0
BRDA:275,40,2,0
BRDA:287,41,0,0
BRDA:287,41,1,0
BRDA:293,42,0,0
BRDA:293,42,1,0
BRDA:296,43,0,0
BRDA:296,43,1,0
BRDA:302,44,0,0
BRDA:302,44,1,0
BRDA:303,45,0,0
BRDA:303,45,1,0
BRDA:311,46,0,0
BRDA:311,46,1,0
BRDA:312,47,0,0
BRDA:312,47,1,0
BRDA:327,48,0,0
BRDA:333,49,0,0
BRDA:333,49,1,0
BRDA:336,50,0,0
BRDA:336,50,1,0
BRDA:337,51,0,0
BRDA:337,51,1,0
BRDA:350,52,0,0
BRDA:350,52,1,0
BRDA:351,53,0,0
BRDA:351,53,1,0
BRDA:351,53,2,0
BRDA:351,53,3,0
BRDA:355,54,0,0
BRDA:355,54,1,0
BRDA:369,55,0,0
BRDA:369,55,1,0
BRDA:369,56,0,0
BRDA:369,56,1,0
BRDA:371,57,0,0
BRDA:371,57,1,0
BRDA:373,58,0,0
BRDA:373,58,1,0
BRDA:374,59,0,0
BRDA:374,59,1,0
BRDA:385,60,0,0
BRDA:385,60,1,0
BRDA:385,61,0,0
BRDA:385,61,1,0
BRDA:386,62,0,0
BRDA:386,62,1,0
BRDA:399,63,0,0
BRDA:399,63,1,0
BRDA:399,64,0,0
BRDA:399,64,1,0
BRDA:401,65,0,0
BRDA:401,65,1,0
BRDA:411,66,0,0
BRDA:411,66,1,0
BRDA:415,67,0,0
BRDA:415,67,1,0
BRDA:417,68,0,0
BRDA:417,68,1,0
BRDA:418,69,0,0
BRDA:418,69,1,0
BRDA:429,70,0,0
BRDA:429,70,1,0
BRDA:429,71,0,0
BRDA:429,71,1,0
BRDA:431,72,0,0
BRDA:431,72,1,0
BRDA:450,73,0,0
BRDA:450,73,1,0
BRDA:482,74,0,0
BRDA:482,74,1,0
BRDA:488,75,0,0
BRDA:488,75,1,0
BRDA:540,76,0,0
BRDA:540,76,1,0
BRDA:544,77,0,0
BRDA:544,77,1,0
BRDA:548,78,0,0
BRDA:548,78,1,0
BRDA:555,79,0,0
BRDA:555,79,1,0
BRDA:589,80,0,0
BRDA:589,80,1,0
BRDA:589,81,0,0
BRDA:589,81,1,0
BRDA:595,82,0,0
BRDA:595,82,1,0
BRDA:601,83,0,0
BRDA:601,83,1,0
BRDA:618,84,0,0
BRDA:618,84,1,0
BRDA:618,85,0,0
BRDA:618,85,1,0
BRDA:631,86,0,0
BRDA:631,86,1,0
BRDA:637,87,0,0
BRDA:637,87,1,0
BRDA:648,88,0,0
BRDA:648,88,1,0
BRDA:656,89,0,0
BRDA:656,89,1,0
BRDA:662,90,0,0
BRDA:662,90,1,0
BRDA:668,91,0,0
BRDA:668,91,1,0
BRDA:674,92,0,0
BRDA:674,92,1,0
BRDA:689,93,0,0
BRDA:689,93,1,0
BRDA:698,94,0,0
BRDA:698,94,1,0
BRDA:700,95,0,0
BRDA:700,95,1,0
BRDA:701,96,0,0
BRDA:701,96,1,0
BRDA:706,97,0,0
BRDA:706,97,1,0
BRDA:709,98,0,0
BRDA:709,98,1,0
BRF:201
BRH:0
end_of_record
TN:
SF:controllers\branch.controller.js
FN:6,(anonymous_0)
FN:20,(anonymous_1)
FN:55,(anonymous_2)
FN:71,(anonymous_3)
FN:97,(anonymous_4)
FN:111,(anonymous_5)
FN:133,(anonymous_6)
FN:163,(anonymous_7)
FNF:8
FNH:0
FNDA:0,(anonymous_0)
FNDA:0,(anonymous_1)
FNDA:0,(anonymous_2)
FNDA:0,(anonymous_3)
FNDA:0,(anonymous_4)
FNDA:0,(anonymous_5)
FNDA:0,(anonymous_6)
FNDA:0,(anonymous_7)
DA:1,0
DA:2,0
DA:3,0
DA:4,0
DA:6,0
DA:7,0
DA:8,0
DA:9,0
DA:11,0
DA:12,0
DA:17,0
DA:20,0
DA:21,0
DA:22,0
DA:23,0
DA:25,0
DA:31,0
DA:33,0
DA:34,0
DA:38,0
DA:42,0
DA:44,0
DA:45,0
DA:46,0
DA:49,0
DA:55,0
DA:60,0
DA:66,0
DA:68,0
DA:71,0
DA:82,0
DA:88,0
DA:92,0
DA:97,0
DA:98,0
DA:100,0
DA:102,0
DA:104,0
DA:111,0
DA:112,0
DA:114,0
DA:116,0
DA:118,0
DA:119,0
DA:127,0
DA:133,0
DA:134,0
DA:136,0
DA:138,0
DA:140,0
DA:141,0
DA:149,0
DA:154,0
DA:163,0
DA:164,0
DA:167,0
DA:169,0
DA:171,0
DA:172,0
DA:180,0
DA:182,0
LF:61
LH:0
BRDA:8,0,0,0
BRDA:8,0,1,0
BRDA:11,1,0,0
BRDA:11,1,1,0
BRDA:33,2,0,0
BRDA:33,2,1,0
BRDA:44,3,0,0
BRDA:44,3,1,0
BRDA:44,4,0,0
BRDA:44,4,1,0
BRDA:44,4,2,0
BRDA:73,5,0,0
BRDA:73,5,1,0
BRDA:118,6,0,0
BRDA:118,6,1,0
BRDA:118,7,0,0
BRDA:118,7,1,0
BRDA:140,8,0,0
BRDA:140,8,1,0
BRDA:140,9,0,0
BRDA:140,9,1,0
BRDA:171,10,0,0
BRDA:171,10,1,0
BRDA:171,11,0,0
BRDA:171,11,1,0
BRF:25
BRH:0
end_of_record
TN:
SF:controllers\coupon.controller.js
FN:13,(anonymous_0)
FN:73,(anonymous_1)
FN:126,(anonymous_2)
FNF:3
FNH:0
FNDA:0,(anonymous_0)
FNDA:0,(anonymous_1)
FNDA:0,(anonymous_2)
DA:3,0
DA:5,0
DA:6,0
DA:7,0
DA:8,0
DA:9,0
DA:11,0
DA:13,0
DA:14,0
DA:16,0
DA:18,0
DA:19,0
DA:22,0
DA:23,0
DA:30,0
DA:31,0
DA:32,0
DA:33,0
DA:34,0
DA:36,0
DA:39,0
DA:40,0
DA:50,0
DA:56,0
DA:57,0
DA:59,0
DA:60,0
DA:62,0
DA:63,0
DA:73,0
DA:74,0
DA:75,0
DA:77,0
DA:78,0
DA:82,0
DA:83,0
DA:84,0
DA:87,0
DA:90,0
DA:91,0
DA:92,0
DA:95,0
DA:96,0
DA:100,0
DA:106,0
DA:107,0
DA:108,0
DA:112,0
DA:113,0
DA:114,0
DA:117,0
DA:126,0
DA:127,0
DA:128,0
DA:129,0
DA:130,0
DA:131,0
DA:134,0
DA:135,0
DA:136,0
DA:140,0
DA:149,0
DA:163,0
LF:63
LH:0
BRDA:18,0,0,0
BRDA:18,0,1,0
BRDA:22,1,0,0
BRDA:22,1,1,0
BRDA:31,2,0,0
BRDA:31,2,1,0
BRDA:33,3,0,0
BRDA:33,3,1,0
BRDA:56,4,0,0
BRDA:56,4,1,0
BRDA:59,5,0,0
BRDA:59,5,1,0
BRDA:74,6,0,0
BRDA:77,7,0,0
BRDA:77,7,1,0
BRDA:83,8,0,0
BRDA:83,8,1,0
BRDA:83,9,0,0
BRDA:83,9,1,0
BRDA:91,10,0,0
BRDA:91,10,1,0
BRDA:95,11,0,0
BRDA:95,11,1,0
BRDA:95,12,0,0
BRDA:95,12,1,0
BRDA:107,13,0,0
BRDA:107,13,1,0
BRDA:128,14,0,0
BRDA:128,14,1,0
BRDA:129,15,0,0
BRDA:129,15,1,0
BRDA:130,16,0,0
BRDA:130,16,1,0
BRDA:135,17,0,0
BRDA:135,17,1,0
BRF:35
BRH:0
end_of_record
TN:
SF:controllers\course.controller.js
FN:16,incrementMetricGeneric
FN:72,(anonymous_1)
FN:107,institutionAdminTotalGeneric
FN:111,(anonymous_3)
FN:126,institutionAdminLeadsRangeCurrent
FN:130,(anonymous_5)
FN:154,institutionAdminLeadsRangePrevious
FN:158,(anonymous_7)
FN:184,institutionAdminRangeGeneric
FN:188,(anonymous_9)
FN:233,institutionAdminPreviousRangeGeneric
FN:241,(anonymous_11)
FN:286,(anonymous_12)
FN:300,(anonymous_13)
FN:313,(anonymous_14)
FN:330,(anonymous_15)
FN:358,(anonymous_16)
FN:425,(anonymous_17)
FN:457,(anonymous_18)
FN:481,(anonymous_19)
FN:489,(anonymous_20)
FN:506,(anonymous_21)
FN:530,(anonymous_22)
FN:569,getCurrentPeriod
FN:590,getPreviousPeriod
FN:614,aggregateRollupsTotal
FN:618,(anonymous_26)
FN:632,countStudentsInRange
FN:636,(anonymous_28)
FN:645,countStudentsTotal
FN:649,(anonymous_30)
FN:660,(anonymous_31)
FN:680,(anonymous_32)
FN:707,(anonymous_33)
FN:770,(anonymous_34)
FN:785,(anonymous_35)
FN:835,(anonymous_36)
FN:915,(anonymous_37)
FN:941,(anonymous_38)
FN:957,(anonymous_39)
FN:1017,(anonymous_40)
FN:1017,(anonymous_41)
FN:1059,convertYearsToMonths
FN:1073,buildConditionsFromFilters
FN:1180,runAggregation
FN:1246,(anonymous_45)
FN:1268,(anonymous_46)
FN:1313,(anonymous_47)
FN:1346,(anonymous_48)
FNF:49
FNH:0
FNDA:0,incrementMetricGeneric
FNDA:0,(anonymous_1)
FNDA:0,institutionAdminTotalGeneric
FNDA:0,(anonymous_3)
FNDA:0,institutionAdminLeadsRangeCurrent
FNDA:0,(anonymous_5)
FNDA:0,institutionAdminLeadsRangePrevious
FNDA:0,(anonymous_7)
FNDA:0,institutionAdminRangeGeneric
FNDA:0,(anonymous_9)
FNDA:0,institutionAdminPreviousRangeGeneric
FNDA:0,(anonymous_11)
FNDA:0,(anonymous_12)
FNDA:0,(anonymous_13)
FNDA:0,(anonymous_14)
FNDA:0,(anonymous_15)
FNDA:0,(anonymous_16)
FNDA:0,(anonymous_17)
FNDA:0,(anonymous_18)
FNDA:0,(anonymous_19)
FNDA:0,(anonymous_20)
FNDA:0,(anonymous_21)
FNDA:0,(anonymous_22)
FNDA:0,getCurrentPeriod
FNDA:0,getPreviousPeriod
FNDA:0,aggregateRollupsTotal
FNDA:0,(anonymous_26)
FNDA:0,countStudentsInRange
FNDA:0,(anonymous_28)
FNDA:0,countStudentsTotal
FNDA:0,(anonymous_30)
FNDA:0,(anonymous_31)
FNDA:0,(anonymous_32)
FNDA:0,(anonymous_33)
FNDA:0,(anonymous_34)
FNDA:0,(anonymous_35)
FNDA:0,(anonymous_36)
FNDA:0,(anonymous_37)
FNDA:0,(anonymous_38)
FNDA:0,(anonymous_39)
FNDA:0,(anonymous_40)
FNDA:0,(anonymous_41)
FNDA:0,convertYearsToMonths
FNDA:0,buildConditionsFromFilters
FNDA:0,runAggregation
FNDA:0,(anonymous_45)
FNDA:0,(anonymous_46)
FNDA:0,(anonymous_47)
FNDA:0,(anonymous_48)
DA:1,0
DA:2,0
DA:3,0
DA:4,0
DA:5,0
DA:6,0
DA:7,0
DA:8,0
DA:9,0
DA:10,0
DA:11,0
DA:12,0
DA:13,0
DA:17,0
DA:19,0
DA:21,0
DA:22,0
DA:23,0
DA:28,0
DA:31,0
DA:32,0
DA:33,0
DA:34,0
DA:35,0
DA:36,0
DA:38,0
DA:39,0
DA:40,0
DA:41,0
DA:42,0
DA:44,0
DA:45,0
DA:49,0
DA:56,0
DA:57,0
DA:58,0
DA:59,0
DA:60,0
DA:61,0
DA:63,0
DA:66,0
DA:67,0
DA:68,0
DA:69,0
DA:72,0
DA:73,0
DA:74,0
DA:75,0
DA:76,0
DA:80,0
DA:82,0
DA:87,0
DA:95,0
DA:101,0
DA:108,0
DA:111,0
DA:112,0
DA:113,0
DA:122,0
DA:127,0
DA:130,0
DA:131,0
DA:132,0
DA:134,0
DA:135,0
DA:136,0
DA:137,0
DA:138,0
DA:139,0
DA:140,0
DA:141,0
DA:142,0
DA:143,0
DA:145,0
DA:147,0
DA:155,0
DA:158,0
DA:159,0
DA:160,0
DA:162,0
DA:163,0
DA:164,0
DA:165,0
DA:166,0
DA:167,0
DA:168,0
DA:169,0
DA:170,0
DA:171,0
DA:172,0
DA:174,0
DA:176,0
DA:185,0
DA:188,0
DA:189,0
DA:191,0
DA:194,0
DA:196,0
DA:197,0
DA:198,0
DA:199,0
DA:201,0
DA:202,0
DA:203,0
DA:205,0
DA:206,0
DA:208,0
DA:212,0
DA:213,0
DA:215,0
DA:229,0
DA:238,0
DA:241,0
DA:242,0
DA:244,0
DA:247,0
DA:249,0
DA:250,0
DA:251,0
DA:252,0
DA:253,0
DA:255,0
DA:256,0
DA:257,0
DA:259,0
DA:260,0
DA:262,0
DA:266,0
DA:267,0
DA:269,0
DA:283,0
DA:286,0
DA:287,0
DA:288,0
DA:289,0
DA:291,0
DA:292,0
DA:297,0
DA:300,0
DA:301,0
DA:304,0
DA:306,0
DA:308,0
DA:309,0
DA:313,0
DA:321,0
DA:323,0
DA:330,0
DA:331,0
DA:333,0
DA:335,0
DA:336,0
DA:337,0
DA:339,0
DA:340,0
DA:341,0
DA:343,0
DA:344,0
DA:346,0
DA:358,0
DA:359,0
DA:360,0
DA:362,0
DA:364,0
DA:365,0
DA:368,0
DA:370,0
DA:371,0
DA:372,0
DA:375,0
DA:376,0
DA:379,0
DA:386,0
DA:388,0
DA:408,0
DA:409,0
DA:416,0
DA:419,0
DA:426,0
DA:427,0
DA:433,0
DA:434,0
DA:437,0
DA:438,0
DA:441,0
DA:442,0
DA:448,0
DA:449,0
DA:457,0
DA:458,0
DA:459,0
DA:461,0
DA:462,0
DA:463,0
DA:471,0
DA:472,0
DA:474,0
DA:475,0
DA:476,0
DA:477,0
DA:481,0
DA:484,0
DA:485,0
DA:489,0
DA:492,0
DA:495,0
DA:500,0
DA:506,0
DA:507,0
DA:509,0
DA:511,0
DA:512,0
DA:513,0
DA:521,0
DA:523,0
DA:530,0
DA:531,0
DA:534,0
DA:535,0
DA:536,0
DA:538,0
DA:539,0
DA:544,0
DA:565,0
DA:570,0
DA:572,0
DA:573,0
DA:574,0
DA:575,0
DA:576,0
DA:577,0
DA:578,0
DA:579,0
DA:580,0
DA:581,0
DA:583,0
DA:584,0
DA:585,0
DA:587,0
DA:591,0
DA:593,0
DA:594,0
DA:595,0
DA:596,0
DA:597,0
DA:598,0
DA:599,0
DA:600,0
DA:601,0
DA:602,0
DA:603,0
DA:605,0
DA:606,0
DA:607,0
DA:608,0
DA:610,0
DA:615,0
DA:618,0
DA:619,0
DA:620,0
DA:621,0
DA:622,0
DA:628,0
DA:633,0
DA:636,0
DA:637,0
DA:638,0
DA:646,0
DA:649,0
DA:650,0
DA:651,0
DA:659,0
DA:661,0
DA:662,0
DA:663,0
DA:664,0
DA:666,0
DA:667,0
DA:671,0
DA:672,0
DA:673,0
DA:677,0
DA:680,0
DA:681,0
DA:682,0
DA:683,0
DA:684,0
DA:688,0
DA:689,0
DA:693,0
DA:694,0
DA:695,0
DA:698,0
DA:706,0
DA:708,0
DA:709,0
DA:710,0
DA:711,0
DA:712,0
DA:714,0
DA:715,0
DA:719,0
DA:720,0
DA:721,0
DA:722,0
DA:723,0
DA:724,0
DA:725,0
DA:734,0
DA:735,0
DA:736,0
DA:737,0
DA:743,0
DA:749,0
DA:750,0
DA:751,0
DA:758,0
DA:769,0
DA:771,0
DA:772,0
DA:773,0
DA:774,0
DA:775,0
DA:776,0
DA:777,0
DA:782,0
DA:785,0
DA:786,0
DA:787,0
DA:792,0
DA:793,0
DA:794,0
DA:795,0
DA:796,0
DA:798,0
DA:803,0
DA:805,0
DA:809,0
DA:810,0
DA:811,0
DA:812,0
DA:813,0
DA:814,0
DA:815,0
DA:816,0
DA:829,0
DA:831,0
DA:835,0
DA:836,0
DA:837,0
DA:839,0
DA:843,0
DA:844,0
DA:845,0
DA:848,0
DA:849,0
DA:850,0
DA:851,0
DA:854,0
DA:858,0
DA:859,0
DA:862,0
DA:865,0
DA:869,0
DA:870,0
DA:877,0
DA:878,0
DA:879,0
DA:885,0
DA:888,0
DA:889,0
DA:893,0
DA:901,0
DA:906,0
DA:907,0
DA:915,0
DA:916,0
DA:917,0
DA:918,0
DA:919,0
DA:920,0
DA:923,0
DA:934,0
DA:941,0
DA:943,0
DA:944,0
DA:954,0
DA:957,0
DA:1016,0
DA:1017,0
DA:1020,0
DA:1021,0
DA:1022,0
DA:1032,0
DA:1041,0
DA:1048,0
DA:1060,0
DA:1061,0
DA:1062,0
DA:1064,0
DA:1065,0
DA:1066,0
DA:1074,0
DA:1075,0
DA:1077,0
DA:1078,0
DA:1082,0
DA:1083,0
DA:1084,0
DA:1086,0
DA:1087,0
DA:1090,0
DA:1091,0
DA:1092,0
DA:1093,0
DA:1098,0
DA:1099,0
DA:1101,0
DA:1102,0
DA:1104,0
DA:1105,0
DA:1106,0
DA:1109,0
DA:1114,0
DA:1116,0
DA:1117,0
DA:1119,0
DA:1120,0
DA:1122,0
DA:1123,0
DA:1125,0
DA:1126,0
DA:1127,0
DA:1130,0
DA:1131,0
DA:1132,0
DA:1133,0
DA:1136,0
DA:1137,0
DA:1138,0
DA:1141,0
DA:1146,0
DA:1147,0
DA:1148,0
DA:1151,0
DA:1156,0
DA:1158,0
DA:1159,0
DA:1160,0
DA:1161,0
DA:1162,0
DA:1164,0
DA:1165,0
DA:1166,0
DA:1168,0
DA:1170,0
DA:1173,0
DA:1181,0
DA:1183,0
DA:1190,0
DA:1199,0
DA:1201,0
DA:1202,0
DA:1205,0
DA:1225,0
DA:1233,0
DA:1239,0
DA:1246,0
DA:1247,0
DA:1249,0
DA:1250,0
DA:1255,0
DA:1256,0
DA:1258,0
DA:1259,0
DA:1260,0
DA:1263,0
DA:1264,0
DA:1268,0
DA:1272,0
DA:1274,0
DA:1277,0
DA:1279,0
DA:1281,0
DA:1282,0
DA:1288,0
DA:1289,0
DA:1290,0
DA:1299,0
DA:1305,0
DA:1306,0
DA:1313,0
DA:1314,0
DA:1315,0
DA:1316,0
DA:1318,0
DA:1319,0
DA:1324,0
DA:1335,0
DA:1336,0
DA:1341,0
DA:1343,0
DA:1345,0
DA:1346,0
DA:1348,0
DA:1355,0
DA:1377,0
DA:1378,0
DA:1383,0
DA:1384,0
DA:1385,0
DA:1391,0
DA:1392,0
LF:513
LH:0
BRDA:28,0,0,0
BRDA:28,0,1,0
BRDA:51,1,0,0
BRDA:51,1,1,0
BRDA:58,2,0,0
BRDA:58,2,1,0
BRDA:66,3,0,0
BRDA:66,3,1,0
BRDA:73,4,0,0
BRDA:73,4,1,0
BRDA:80,5,0,0
BRDA:80,5,1,0
BRDA:82,6,0,0
BRDA:82,6,1,0
BRDA:84,7,0,0
BRDA:84,7,1,0
BRDA:97,8,0,0
BRDA:97,8,1,0
BRDA:112,9,0,0
BRDA:112,9,1,0
BRDA:122,10,0,0
BRDA:122,10,1,0
BRDA:131,11,0,0
BRDA:131,11,1,0
BRDA:134,12,0,0
BRDA:134,12,1,0
BRDA:138,13,0,0
BRDA:138,13,1,0
BRDA:141,14,0,0
BRDA:141,14,1,0
BRDA:159,15,0,0
BRDA:159,15,1,0
BRDA:162,16,0,0
BRDA:162,16,1,0
BRDA:167,17,0,0
BRDA:167,17,1,0
BRDA:170,18,0,0
BRDA:170,18,1,0
BRDA:189,19,0,0
BRDA:189,19,1,0
BRDA:194,20,0,0
BRDA:194,20,1,0
BRDA:199,21,0,0
BRDA:199,21,1,0
BRDA:203,22,0,0
BRDA:203,22,1,0
BRDA:229,23,0,0
BRDA:229,23,1,0
BRDA:242,24,0,0
BRDA:242,24,1,0
BRDA:247,25,0,0
BRDA:247,25,1,0
BRDA:253,26,0,0
BRDA:253,26,1,0
BRDA:257,27,0,0
BRDA:257,27,1,0
BRDA:283,28,0,0
BRDA:283,28,1,0
BRDA:288,29,0,0
BRDA:288,29,1,0
BRDA:291,30,0,0
BRDA:291,30,1,0
BRDA:308,31,0,0
BRDA:308,31,1,0
BRDA:308,32,0,0
BRDA:308,32,1,0
BRDA:308,32,2,0
BRDA:316,33,0,0
BRDA:316,33,1,0
BRDA:317,34,0,0
BRDA:317,34,1,0
BRDA:335,35,0,0
BRDA:335,35,1,0
BRDA:336,36,0,0
BRDA:336,36,1,0
BRDA:340,37,0,0
BRDA:340,37,1,0
BRDA:370,38,0,0
BRDA:370,38,1,0
BRDA:375,39,0,0
BRDA:375,39,1,0
BRDA:375,40,0,0
BRDA:375,40,1,0
BRDA:408,41,0,0
BRDA:408,41,1,0
BRDA:424,42,0,0
BRDA:424,42,1,0
BRDA:437,43,0,0
BRDA:437,43,1,0
BRDA:437,44,0,0
BRDA:437,44,1,0
BRDA:462,45,0,0
BRDA:462,45,1,0
BRDA:462,46,0,0
BRDA:462,46,1,0
BRDA:474,47,0,0
BRDA:474,47,1,0
BRDA:476,48,0,0
BRDA:476,48,1,0
BRDA:484,49,0,0
BRDA:484,49,1,0
BRDA:512,50,0,0
BRDA:512,50,1,0
BRDA:512,51,0,0
BRDA:512,51,1,0
BRDA:531,52,0,0
BRDA:531,52,1,0
BRDA:531,52,2,0
BRDA:534,53,0,0
BRDA:534,53,1,0
BRDA:535,54,0,0
BRDA:535,54,1,0
BRDA:536,55,0,0
BRDA:536,55,1,0
BRDA:538,56,0,0
BRDA:538,56,1,0
BRDA:538,57,0,0
BRDA:538,57,1,0
BRDA:538,57,2,0
BRDA:544,58,0,0
BRDA:544,58,1,0
BRDA:551,59,0,0
BRDA:551,59,1,0
BRDA:572,60,0,0
BRDA:572,60,1,0
BRDA:576,61,0,0
BRDA:576,61,1,0
BRDA:579,62,0,0
BRDA:579,62,1,0
BRDA:593,63,0,0
BRDA:593,63,1,0
BRDA:598,64,0,0
BRDA:598,64,1,0
BRDA:601,65,0,0
BRDA:601,65,1,0
BRDA:619,66,0,0
BRDA:619,66,1,0
BRDA:628,67,0,0
BRDA:628,67,1,0
BRDA:637,68,0,0
BRDA:637,68,1,0
BRDA:650,69,0,0
BRDA:650,69,1,0
BRDA:661,70,0,0
BRDA:661,70,1,0
BRDA:662,71,0,0
BRDA:662,71,1,0
BRDA:663,72,0,0
BRDA:663,72,1,0
BRDA:664,73,0,0
BRDA:664,73,1,0
BRDA:666,74,0,0
BRDA:666,74,1,0
BRDA:666,75,0,0
BRDA:666,75,1,0
BRDA:666,75,2,0
BRDA:671,76,0,0
BRDA:671,76,1,0
BRDA:681,77,0,0
BRDA:681,77,1,0
BRDA:682,78,0,0
BRDA:682,78,1,0
BRDA:688,79,0,0
BRDA:688,79,1,0
BRDA:693,80,0,0
BRDA:693,80,1,0
BRDA:694,81,0,0
BRDA:694,81,1,0
BRDA:708,82,0,0
BRDA:708,82,1,0
BRDA:709,83,0,0
BRDA:709,83,1,0
BRDA:710,84,0,0
BRDA:710,84,1,0
BRDA:711,85,0,0
BRDA:711,85,1,0
BRDA:712,86,0,0
BRDA:712,86,1,0
BRDA:714,87,0,0
BRDA:714,87,1,0
BRDA:714,88,0,0
BRDA:714,88,1,0
BRDA:714,88,2,0
BRDA:719,89,0,0
BRDA:719,89,1,0
BRDA:724,90,0,0
BRDA:724,90,1,0
BRDA:734,91,0,0
BRDA:734,91,1,0
BRDA:749,92,0,0
BRDA:749,92,1,0
BRDA:750,93,0,0
BRDA:750,93,1,0
BRDA:771,94,0,0
BRDA:771,94,1,0
BRDA:772,95,0,0
BRDA:772,95,1,0
BRDA:773,96,0,0
BRDA:773,96,1,0
BRDA:774,97,0,0
BRDA:774,97,1,0
BRDA:775,98,0,0
BRDA:775,98,1,0
BRDA:776,99,0,0
BRDA:776,99,1,0
BRDA:776,100,0,0
BRDA:776,100,1,0
BRDA:776,100,2,0
BRDA:786,101,0,0
BRDA:786,101,1,0
BRDA:792,102,0,0
BRDA:792,102,1,0
BRDA:809,103,0,0
BRDA:809,103,1,0
BRDA:829,104,0,0
BRDA:829,104,1,0
BRDA:849,105,0,0
BRDA:849,105,1,0
BRDA:854,106,0,0
BRDA:854,106,1,0
BRDA:854,106,2,0
BRDA:858,107,0,0
BRDA:858,107,1,0
BRDA:869,108,0,0
BRDA:869,108,1,0
BRDA:877,109,0,0
BRDA:877,109,1,0
BRDA:917,110,0,0
BRDA:917,110,1,0
BRDA:918,111,0,0
BRDA:918,111,1,0
BRDA:923,112,0,0
BRDA:923,112,1,0
BRDA:943,113,0,0
BRDA:943,113,1,0
BRDA:1020,114,0,0
BRDA:1020,114,1,0
BRDA:1060,115,0,0
BRDA:1060,115,1,0
BRDA:1062,116,0,0
BRDA:1062,116,1,0
BRDA:1073,117,0,0
BRDA:1077,118,0,0
BRDA:1077,118,1,0
BRDA:1079,119,0,0
BRDA:1079,119,1,0
BRDA:1082,120,0,0
BRDA:1082,120,1,0
BRDA:1087,121,0,0
BRDA:1087,121,1,0
BRDA:1091,122,0,0
BRDA:1091,122,1,0
BRDA:1092,123,0,0
BRDA:1092,123,1,0
BRDA:1098,124,0,0
BRDA:1098,124,1,0
BRDA:1101,125,0,0
BRDA:1101,125,1,0
BRDA:1104,126,0,0
BRDA:1104,126,1,0
BRDA:1105,127,0,0
BRDA:1105,127,1,0
BRDA:1114,128,0,0
BRDA:1114,128,1,0
BRDA:1116,129,0,0
BRDA:1116,129,1,0
BRDA:1119,130,0,0
BRDA:1119,130,1,0
BRDA:1122,131,0,0
BRDA:1122,131,1,0
BRDA:1125,132,0,0
BRDA:1125,132,1,0
BRDA:1130,133,0,0
BRDA:1130,133,1,0
BRDA:1131,134,0,0
BRDA:1131,134,1,0
BRDA:1136,135,0,0
BRDA:1136,135,1,0
BRDA:1137,136,0,0
BRDA:1137,136,1,0
BRDA:1146,137,0,0
BRDA:1146,137,1,0
BRDA:1147,138,0,0
BRDA:1147,138,1,0
BRDA:1156,139,0,0
BRDA:1156,139,1,0
BRDA:1158,140,0,0
BRDA:1158,140,1,0
BRDA:1162,141,0,0
BRDA:1162,141,1,0
BRDA:1165,142,0,0
BRDA:1165,142,1,0
BRDA:1166,143,0,0
BRDA:1166,143,1,0
BRDA:1170,144,0,0
BRDA:1170,144,1,0
BRDA:1170,145,0,0
BRDA:1170,145,1,0
BRDA:1186,146,0,0
BRDA:1186,146,1,0
BRDA:1201,147,0,0
BRDA:1201,147,1,0
BRDA:1201,148,0,0
BRDA:1201,148,1,0
BRDA:1251,149,0,0
BRDA:1251,149,1,0
BRDA:1252,150,0,0
BRDA:1252,150,1,0
BRDA:1258,151,0,0
BRDA:1258,151,1,0
BRDA:1263,152,0,0
BRDA:1263,152,1,0
BRDA:1265,153,0,0
BRDA:1265,153,1,0
BRDA:1267,154,0,0
BRDA:1267,154,1,0
BRDA:1272,155,0,0
BRDA:1272,155,1,0
BRDA:1281,156,0,0
BRDA:1281,156,1,0
BRDA:1288,157,0,0
BRDA:1288,157,1,0
BRDA:1318,158,0,0
BRDA:1318,158,1,0
BRDA:1318,159,0,0
BRDA:1318,159,1,0
BRDA:1335,160,0,0
BRDA:1335,160,1,0
BRF:328
BRH:0
end_of_record
TN:
SF:controllers\dashboard.controller.js
FN:45,(anonymous_0)
FN:80,(anonymous_1)
FN:132,(anonymous_2)
FN:196,(anonymous_3)
FN:229,(anonymous_4)
FN:258,(anonymous_5)
FN:296,(anonymous_6)
FNF:7
FNH:0
FNDA:0,(anonymous_0)
FNDA:0,(anonymous_1)
FNDA:0,(anonymous_2)
FNDA:0,(anonymous_3)
FNDA:0,(anonymous_4)
FNDA:0,(anonymous_5)
FNDA:0,(anonymous_6)
DA:1,0
DA:2,0
DA:3,0
DA:4,0
DA:5,0
DA:7,0
DA:8,0
DA:9,0
DA:20,0
DA:39,0
DA:45,0
DA:46,0
DA:47,0
DA:49,0
DA:50,0
DA:51,0
DA:54,0
DA:55,0
DA:57,0
DA:58,0
DA:59,0
DA:62,0
DA:63,0
DA:64,0
DA:67,0
DA:68,0
DA:70,0
DA:72,0
DA:73,0
DA:80,0
DA:81,0
DA:82,0
DA:84,0
DA:85,0
DA:86,0
DA:87,0
DA:90,0
DA:91,0
DA:92,0
DA:95,0
DA:96,0
DA:98,0
DA:99,0
DA:100,0
DA:103,0
DA:104,0
DA:106,0
DA:107,0
DA:108,0
DA:111,0
DA:112,0
DA:114,0
DA:115,0
DA:116,0
DA:119,0
DA:120,0
DA:122,0
DA:123,0
DA:132,0
DA:133,0
DA:134,0
DA:137,0
DA:138,0
DA:139,0
DA:140,0
DA:144,0
DA:145,0
DA:146,0
DA:150,0
DA:151,0
DA:153,0
DA:154,0
DA:155,0
DA:157,0
DA:159,0
DA:160,0
DA:161,0
DA:162,0
DA:166,0
DA:167,0
DA:168,0
DA:169,0
DA:173,0
DA:176,0
DA:177,0
DA:178,0
DA:179,0
DA:181,0
DA:184,0
DA:185,0
DA:196,0
DA:197,0
DA:198,0
DA:201,0
DA:204,0
DA:207,0
DA:208,0
DA:210,0
DA:213,0
DA:216,0
DA:217,0
DA:224,0
DA:229,0
DA:230,0
DA:232,0
DA:233,0
DA:234,0
DA:236,0
DA:237,0
DA:238,0
DA:240,0
DA:243,0
DA:244,0
DA:245,0
DA:247,0
DA:250,0
DA:251,0
DA:252,0
DA:254,0
DA:257,0
DA:258,0
DA:259,0
DA:260,0
DA:263,0
DA:266,0
DA:267,0
DA:269,0
DA:270,0
DA:272,0
DA:273,0
DA:275,0
DA:276,0
DA:278,0
DA:279,0
DA:281,0
DA:282,0
DA:284,0
DA:285,0
DA:287,0
DA:288,0
DA:291,0
DA:292,0
DA:295,0
DA:296,0
DA:297,0
DA:298,0
DA:299,0
DA:300,0
DA:301,0
DA:304,0
DA:307,0
DA:308,0
DA:309,0
DA:344,0
DA:345,0
DA:347,0
DA:348,0
DA:349,0
DA:350,0
DA:352,0
DA:354,0
DA:355,0
DA:359,0
DA:360,0
DA:364,0
DA:365,0
DA:366,0
DA:367,0
DA:368,0
DA:369,0
DA:370,0
DA:371,0
DA:372,0
DA:373,0
DA:375,0
DA:386,0
DA:387,0
DA:389,0
DA:392,0
DA:393,0
DA:395,0
DA:402,0
DA:403,0
DA:404,0
DA:406,0
DA:407,0
LF:186
LH:0
BRDA:49,0,0,0
BRDA:49,0,1,0
BRDA:57,1,0,0
BRDA:57,1,1,0
BRDA:57,2,0,0
BRDA:57,2,1,0
BRDA:62,3,0,0
BRDA:62,3,1,0
BRDA:85,4,0,0
BRDA:85,4,1,0
BRDA:90,5,0,0
BRDA:90,5,1,0
BRDA:98,6,0,0
BRDA:98,6,1,0
BRDA:98,7,0,0
BRDA:98,7,1,0
BRDA:106,8,0,0
BRDA:106,8,1,0
BRDA:114,9,0,0
BRDA:114,9,1,0
BRDA:138,10,0,0
BRDA:138,10,1,0
BRDA:144,11,0,0
BRDA:144,11,1,0
BRDA:153,12,0,0
BRDA:153,12,1,0
BRDA:160,13,0,0
BRDA:160,13,1,0
BRDA:167,14,0,0
BRDA:167,14,1,0
BRDA:244,15,0,0
BRDA:244,15,1,0
BRDA:244,16,0,0
BRDA:244,16,1,0
BRDA:244,16,2,0
BRDA:251,17,0,0
BRDA:251,17,1,0
BRDA:259,18,0,0
BRDA:259,18,1,0
BRDA:267,19,0,0
BRDA:267,19,1,0
BRDA:267,19,2,0
BRDA:267,19,3,0
BRDA:267,19,4,0
BRDA:267,19,5,0
BRDA:267,19,6,0
BRDA:267,19,7,0
BRDA:295,20,0,0
BRDA:295,20,1,0
BRDA:298,21,0,0
BRDA:298,21,1,0
BRDA:344,22,0,0
BRDA:344,22,1,0
BRDA:348,23,0,0
BRDA:348,23,1,0
BRDA:349,24,0,0
BRDA:349,24,1,0
BRDA:349,25,0,0
BRDA:349,25,1,0
BRDA:354,26,0,0
BRDA:354,26,1,0
BRDA:364,27,0,0
BRDA:364,27,1,0
BRDA:364,27,2,0
BRDA:364,27,3,0
BRDA:364,27,4,0
BRDA:364,27,5,0
BRDA:364,27,6,0
BRDA:364,27,7,0
BRDA:364,27,8,0
BRDA:377,28,0,0
BRDA:377,28,1,0
BRDA:381,29,0,0
BRDA:381,29,1,0
BRDA:386,30,0,0
BRDA:386,30,1,0
BRDA:386,31,0,0
BRDA:386,31,1,0
BRF:78
BRH:0
end_of_record
TN:
SF:controllers\enquiries.controller.js
FN:7,getInstitutionAdminLeadsTotal
FN:9,(anonymous_1)
FN:21,getInstitutionAdminEnquiriesMonthly
FN:23,(anonymous_3)
FN:44,getPeriod
FN:60,countByTypeInRange
FN:62,(anonymous_6)
FN:71,(anonymous_7)
FN:79,(anonymous_8)
FN:88,(anonymous_9)
FN:92,(anonymous_10)
FN:129,(anonymous_11)
FN:134,(anonymous_12)
FN:151,(anonymous_13)
FN:178,(anonymous_14)
FN:221,(anonymous_15)
FN:223,(anonymous_16)
FN:285,(anonymous_17)
FN:341,(anonymous_18)
FN:345,(anonymous_19)
FN:390,(anonymous_20)
FN:398,(anonymous_21)
FN:406,(anonymous_22)
FN:409,(anonymous_23)
FNF:24
FNH:0
FNDA:0,getInstitutionAdminLeadsTotal
FNDA:0,(anonymous_1)
FNDA:0,getInstitutionAdminEnquiriesMonthly
FNDA:0,(anonymous_3)
FNDA:0,getPeriod
FNDA:0,countByTypeInRange
FNDA:0,(anonymous_6)
FNDA:0,(anonymous_7)
FNDA:0,(anonymous_8)
FNDA:0,(anonymous_9)
FNDA:0,(anonymous_10)
FNDA:0,(anonymous_11)
FNDA:0,(anonymous_12)
FNDA:0,(anonymous_13)
FNDA:0,(anonymous_14)
FNDA:0,(anonymous_15)
FNDA:0,(anonymous_16)
FNDA:0,(anonymous_17)
FNDA:0,(anonymous_18)
FNDA:0,(anonymous_19)
FNDA:0,(anonymous_20)
FNDA:0,(anonymous_21)
FNDA:0,(anonymous_22)
FNDA:0,(anonymous_23)
DA:1,0
DA:2,0
DA:3,0
DA:4,0
DA:5,0
DA:8,0
DA:9,0
DA:10,0
DA:13,0
DA:18,0
DA:22,0
DA:23,0
DA:24,0
DA:26,0
DA:27,0
DA:28,0
DA:29,0
DA:31,0
DA:37,0
DA:40,0
DA:45,0
DA:47,0
DA:48,0
DA:49,0
DA:50,0
DA:51,0
DA:52,0
DA:53,0
DA:55,0
DA:57,0
DA:61,0
DA:62,0
DA:63,0
DA:64,0
DA:68,0
DA:71,0
DA:72,0
DA:73,0
DA:79,0
DA:80,0
DA:81,0
DA:82,0
DA:88,0
DA:89,0
DA:90,0
DA:91,0
DA:92,0
DA:93,0
DA:94,0
DA:97,0
DA:110,0
DA:113,0
DA:114,0
DA:122,0
DA:129,0
DA:130,0
DA:131,0
DA:133,0
DA:134,0
DA:135,0
DA:137,0
DA:146,0
DA:151,0
DA:152,0
DA:154,0
DA:155,0
DA:158,0
DA:159,0
DA:160,0
DA:163,0
DA:164,0
DA:166,0
DA:175,0
DA:178,0
DA:179,0
DA:180,0
DA:181,0
DA:183,0
DA:186,0
DA:200,0
DA:201,0
DA:208,0
DA:212,0
DA:213,0
DA:220,0
DA:221,0
DA:223,0
DA:224,0
DA:231,0
DA:232,0
DA:235,0
DA:242,0
DA:244,0
DA:247,0
DA:248,0
DA:249,0
DA:250,0
DA:259,0
DA:260,0
DA:270,0
DA:273,0
DA:285,0
DA:286,0
DA:289,0
DA:290,0
DA:291,0
DA:293,0
DA:294,0
DA:296,0
DA:297,0
DA:299,0
DA:300,0
DA:303,0
DA:319,0
DA:320,0
DA:321,0
DA:322,0
DA:325,0
DA:326,0
DA:327,0
DA:328,0
DA:329,0
DA:330,0
DA:331,0
DA:332,0
DA:333,0
DA:334,0
DA:335,0
DA:336,0
DA:337,0
DA:338,0
DA:340,0
DA:341,0
DA:342,0
DA:344,0
DA:345,0
DA:346,0
DA:348,0
DA:349,0
DA:350,0
DA:354,0
DA:357,0
DA:358,0
DA:359,0
DA:360,0
DA:362,0
DA:363,0
DA:364,0
DA:375,0
DA:376,0
DA:380,0
DA:383,0
DA:390,0
DA:391,0
DA:392,0
DA:393,0
DA:394,0
DA:398,0
DA:399,0
DA:400,0
DA:401,0
DA:402,0
DA:403,0
DA:404,0
DA:405,0
DA:406,0
DA:407,0
DA:409,0
DA:410,0
DA:416,0
DA:419,0
DA:420,0
DA:421,0
DA:424,0
DA:428,0
LF:175
LH:0
BRDA:10,0,0,0
BRDA:10,0,1,0
BRDA:24,1,0,0
BRDA:24,1,1,0
BRDA:47,2,0,0
BRDA:47,2,1,0
BRDA:48,3,0,0
BRDA:48,3,1,0
BRDA:50,4,0,0
BRDA:50,4,1,0
BRDA:52,5,0,0
BRDA:52,5,1,0
BRDA:63,6,0,0
BRDA:63,6,1,0
BRDA:80,7,0,0
BRDA:80,7,1,0
BRDA:89,8,0,0
BRDA:89,8,1,0
BRDA:90,9,0,0
BRDA:90,9,1,0
BRDA:94,10,0,0
BRDA:94,10,1,0
BRDA:113,11,0,0
BRDA:113,11,1,0
BRDA:130,12,0,0
BRDA:130,12,1,0
BRDA:131,13,0,0
BRDA:131,13,1,0
BRDA:135,14,0,0
BRDA:135,14,1,0
BRDA:154,15,0,0
BRDA:154,15,1,0
BRDA:159,16,0,0
BRDA:159,16,1,0
BRDA:159,17,0,0
BRDA:159,17,1,0
BRDA:163,18,0,0
BRDA:163,18,1,0
BRDA:164,19,0,0
BRDA:164,19,1,0
BRDA:200,20,0,0
BRDA:200,20,1,0
BRDA:212,21,0,0
BRDA:212,21,1,0
BRDA:223,22,0,0
BRDA:223,22,1,0
BRDA:239,23,0,0
BRDA:239,23,1,0
BRDA:249,24,0,0
BRDA:249,24,1,0
BRDA:259,25,0,0
BRDA:259,25,1,0
BRDA:270,26,0,0
BRDA:270,26,1,0
BRDA:290,27,0,0
BRDA:290,27,1,0
BRDA:293,28,0,0
BRDA:293,28,1,0
BRDA:296,29,0,0
BRDA:296,29,1,0
BRDA:299,30,0,0
BRDA:299,30,1,0
BRDA:299,31,0,0
BRDA:299,31,1,0
BRDA:321,32,0,0
BRDA:321,32,1,0
BRDA:328,33,0,0
BRDA:328,33,1,0
BRDA:334,34,0,0
BRDA:334,34,1,0
BRDA:335,35,0,0
BRDA:335,35,1,0
BRDA:337,36,0,0
BRDA:337,36,1,0
BRDA:337,37,0,0
BRDA:337,37,1,0
BRDA:338,38,0,0
BRDA:338,38,1,0
BRDA:338,39,0,0
BRDA:338,39,1,0
BRDA:340,40,0,0
BRDA:340,40,1,0
BRDA:341,41,0,0
BRDA:341,41,1,0
BRDA:342,42,0,0
BRDA:342,42,1,0
BRDA:344,43,0,0
BRDA:344,43,1,0
BRDA:345,44,0,0
BRDA:345,44,1,0
BRDA:346,45,0,0
BRDA:346,45,1,0
BRDA:348,46,0,0
BRDA:348,46,1,0
BRDA:354,47,0,0
BRDA:354,47,1,0
BRDA:358,48,0,0
BRDA:358,48,1,0
BRDA:380,49,0,0
BRDA:380,49,1,0
BRDA:391,50,0,0
BRDA:391,50,1,0
BRDA:399,51,0,0
BRDA:399,51,1,0
BRDA:400,52,0,0
BRDA:400,52,1,0
BRDA:401,53,0,0
BRDA:401,53,1,0
BRDA:401,54,0,0
BRDA:401,54,1,0
BRDA:407,55,0,0
BRDA:407,55,1,0
BRDA:416,56,0,0
BRDA:416,56,1,0
BRDA:419,57,0,0
BRDA:419,57,1,0
BRDA:420,58,0,0
BRDA:420,58,1,0
BRF:118
BRH:0
end_of_record
TN:
SF:controllers\google.auth.controller.js
FN:4,(anonymous_0)
FN:33,(anonymous_1)
FNF:2
FNH:0
FNDA:0,(anonymous_0)
FNDA:0,(anonymous_1)
DA:1,0
DA:2,0
DA:4,0
DA:5,0
DA:6,0
DA:7,0
DA:9,0
DA:10,0
DA:16,0
DA:17,0
DA:18,0
DA:20,0
DA:21,0
DA:26,0
DA:28,0
DA:33,0
DA:34,0
DA:35,0
DA:39,0
DA:51,0
DA:52,0
DA:53,0
DA:59,0
DA:62,0
DA:65,0
DA:75,0
DA:76,0
DA:78,0
DA:82,0
DA:84,0
DA:85,0
DA:86,0
DA:91,0
DA:98,0
DA:99,0
DA:100,0
DA:104,0
DA:105,0
DA:110,0
DA:118,0
DA:123,0
DA:127,0
DA:134,0
DA:136,0
DA:142,0
DA:143,0
DA:144,0
DA:147,0
DA:148,0
DA:152,0
DA:153,0
DA:159,0
DA:162,0
DA:163,0
DA:171,0
DA:175,0
DA:176,0
LF:57
LH:0
BRDA:9,0,0,0
BRDA:9,0,1,0
BRDA:28,1,0,0
BRDA:28,1,1,0
BRDA:33,2,0,0
BRDA:52,3,0,0
BRDA:52,3,1,0
BRDA:75,4,0,0
BRDA:75,4,1,0
BRDA:84,5,0,0
BRDA:84,5,1,0
BRDA:85,6,0,0
BRDA:85,6,1,0
BRDA:98,7,0,0
BRDA:98,7,1,0
BRDA:99,8,0,0
BRDA:99,8,1,0
BRDA:104,9,0,0
BRDA:104,9,1,0
BRDA:127,10,0,0
BRDA:127,10,1,0
BRDA:129,11,0,0
BRDA:129,11,1,0
BRDA:134,12,0,0
BRDA:134,12,1,0
BRDA:142,13,0,0
BRDA:142,13,1,0
BRDA:147,14,0,0
BRDA:147,14,1,0
BRDA:152,15,0,0
BRDA:152,15,1,0
BRDA:162,16,0,0
BRDA:162,16,1,0
BRF:33
BRH:0
end_of_record
TN:
SF:controllers\institution.controller.js
FN:17,(anonymous_0)
FN:90,(anonymous_1)
FN:109,(anonymous_2)
FN:152,(anonymous_3)
FN:180,(anonymous_4)
FN:212,(anonymous_5)
FN:275,(anonymous_6)
FN:297,(anonymous_7)
FN:317,(anonymous_8)
FN:320,(anonymous_9)
FN:369,(anonymous_10)
FN:426,(anonymous_11)
FN:454,(anonymous_12)
FN:479,(anonymous_13)
FNF:14
FNH:0
FNDA:0,(anonymous_0)
FNDA:0,(anonymous_1)
FNDA:0,(anonymous_2)
FNDA:0,(anonymous_3)
FNDA:0,(anonymous_4)
FNDA:0,(anonymous_5)
FNDA:0,(anonymous_6)
FNDA:0,(anonymous_7)
FNDA:0,(anonymous_8)
FNDA:0,(anonymous_9)
FNDA:0,(anonymous_10)
FNDA:0,(anonymous_11)
FNDA:0,(anonymous_12)
FNDA:0,(anonymous_13)
DA:2,0
DA:3,0
DA:4,0
DA:5,0
DA:6,0
DA:7,0
DA:8,0
DA:9,0
DA:10,0
DA:17,0
DA:18,0
DA:19,0
DA:20,0
DA:21,0
DA:22,0
DA:23,0
DA:24,0
DA:25,0
DA:31,0
DA:37,0
DA:44,0
DA:45,0
DA:47,0
DA:49,0
DA:51,0
DA:56,0
DA:65,0
DA:66,0
DA:70,0
DA:71,0
DA:76,0
DA:81,0
DA:90,0
DA:91,0
DA:92,0
DA:93,0
DA:94,0
DA:95,0
DA:96,0
DA:99,0
DA:100,0
DA:101,0
DA:109,0
DA:110,0
DA:116,0
DA:117,0
DA:122,0
DA:124,0
DA:125,0
DA:129,0
DA:133,0
DA:134,0
DA:136,0
DA:142,0
DA:143,0
DA:152,0
DA:155,0
DA:156,0
DA:157,0
DA:158,0
DA:160,0
DA:163,0
DA:164,0
DA:169,0
DA:180,0
DA:181,0
DA:182,0
DA:183,0
DA:184,0
DA:185,0
DA:186,0
DA:187,0
DA:190,0
DA:192,0
DA:194,0
DA:195,0
DA:198,0
DA:199,0
DA:201,0
DA:203,0
DA:205,0
DA:206,0
DA:207,0
DA:209,0
DA:212,0
DA:213,0
DA:214,0
DA:215,0
DA:221,0
DA:223,0
DA:224,0
DA:231,0
DA:232,0
DA:240,0
DA:241,0
DA:243,0
DA:245,0
DA:246,0
DA:248,0
DA:250,0
DA:251,0
DA:252,0
DA:253,0
DA:259,0
DA:262,0
DA:263,0
DA:266,0
DA:267,0
DA:268,0
DA:271,0
DA:272,0
DA:273,0
DA:275,0
DA:276,0
DA:277,0
DA:278,0
DA:280,0
DA:281,0
DA:282,0
DA:284,0
DA:287,0
DA:288,0
DA:289,0
DA:290,0
DA:294,0
DA:295,0
DA:296,0
DA:297,0
DA:310,0
DA:315,0
DA:317,0
DA:318,0
DA:319,0
DA:320,0
DA:325,0
DA:331,0
DA:336,0
DA:337,0
DA:339,0
DA:342,0
DA:352,0
DA:353,0
DA:354,0
DA:356,0
DA:369,0
DA:371,0
DA:372,0
DA:373,0
DA:375,0
DA:377,0
DA:384,0
DA:385,0
DA:393,0
DA:396,0
DA:397,0
DA:399,0
DA:400,0
DA:402,0
DA:403,0
DA:407,0
DA:408,0
DA:409,0
DA:413,0
DA:415,0
DA:416,0
DA:417,0
DA:418,0
DA:419,0
DA:421,0
DA:426,0
DA:428,0
DA:429,0
DA:438,0
DA:444,0
DA:453,0
DA:454,0
DA:456,0
DA:458,0
DA:470,0
DA:471,0
DA:479,0
DA:480,0
DA:481,0
DA:482,0
DA:483,0
DA:487,0
DA:488,0
DA:490,0
DA:495,0
DA:497,0
DA:498,0
DA:500,0
LF:192
LH:0
BRDA:23,0,0,0
BRDA:23,0,1,0
BRDA:70,1,0,0
BRDA:70,1,1,0
BRDA:70,2,0,0
BRDA:70,2,1,0
BRDA:73,3,0,0
BRDA:73,3,1,0
BRDA:94,4,0,0
BRDA:94,4,1,0
BRDA:110,5,0,0
BRDA:110,5,1,0
BRDA:111,6,0,0
BRDA:111,6,1,0
BRDA:111,6,2,0
BRDA:111,6,3,0
BRDA:117,7,0,0
BRDA:117,7,1,0
BRDA:118,8,0,0
BRDA:118,8,1,0
BRDA:118,8,2,0
BRDA:157,9,0,0
BRDA:157,9,1,0
BRDA:163,10,0,0
BRDA:163,10,1,0
BRDA:185,11,0,0
BRDA:185,11,1,0
BRDA:185,12,0,0
BRDA:185,12,1,0
BRDA:214,13,0,0
BRDA:214,13,1,0
BRDA:223,14,0,0
BRDA:223,14,1,0
BRDA:231,15,0,0
BRDA:231,15,1,0
BRDA:250,16,0,0
BRDA:250,16,1,0
BRDA:277,17,0,0
BRDA:277,17,1,0
BRDA:280,18,0,0
BRDA:280,18,1,0
BRDA:280,19,0,0
BRDA:280,19,1,0
BRDA:287,20,0,0
BRDA:287,20,1,0
BRDA:288,21,0,0
BRDA:288,21,1,0
BRDA:294,22,0,0
BRDA:294,22,1,0
BRDA:295,23,0,0
BRDA:295,23,1,0
BRDA:310,24,0,0
BRDA:310,24,1,0
BRDA:319,25,0,0
BRDA:319,25,1,0
BRDA:331,26,0,0
BRDA:331,26,1,0
BRDA:371,27,0,0
BRDA:371,27,1,0
BRDA:372,28,0,0
BRDA:372,28,1,0
BRDA:384,29,0,0
BRDA:384,29,1,0
BRDA:396,30,0,0
BRDA:396,30,1,0
BRDA:399,31,0,0
BRDA:399,31,1,0
BRDA:402,32,0,0
BRDA:402,32,1,0
BRDA:408,33,0,0
BRDA:408,33,1,0
BRDA:408,34,0,0
BRDA:408,34,1,0
BRDA:416,35,0,0
BRDA:416,35,1,0
BRDA:416,36,0,0
BRDA:416,36,1,0
BRDA:418,37,0,0
BRDA:418,37,1,0
BRDA:419,38,0,0
BRDA:419,38,1,0
BRDA:428,39,0,0
BRDA:428,39,1,0
BRDA:482,40,0,0
BRDA:482,40,1,0
BRDA:497,41,0,0
BRDA:497,41,1,0
BRDA:497,42,0,0
BRDA:497,42,1,0
BRF:89
BRH:0
end_of_record
TN:
SF:controllers\notification.controller.js
FN:4,buildScopeFilter
FN:16,(anonymous_1)
FN:50,(anonymous_2)
FN:104,(anonymous_3)
FN:114,(anonymous_4)
FN:127,(anonymous_5)
FN:135,(anonymous_6)
FNF:7
FNH:0
FNDA:0,buildScopeFilter
FNDA:0,(anonymous_1)
FNDA:0,(anonymous_2)
FNDA:0,(anonymous_3)
FNDA:0,(anonymous_4)
FNDA:0,(anonymous_5)
FNDA:0,(anonymous_6)
DA:1,0
DA:5,0
DA:7,0
DA:8,0
DA:9,0
DA:10,0
DA:11,0
DA:12,0
DA:13,0
DA:16,0
DA:17,0
DA:18,0
DA:19,0
DA:20,0
DA:21,0
DA:22,0
DA:26,0
DA:27,0
DA:28,0
DA:29,0
DA:30,0
DA:31,0
DA:35,0
DA:37,0
DA:40,0
DA:43,0
DA:44,0
DA:46,0
DA:50,0
DA:51,0
DA:52,0
DA:54,0
DA:55,0
DA:57,0
DA:58,0
DA:60,0
DA:61,0
DA:62,0
DA:63,0
DA:64,0
DA:81,0
DA:82,0
DA:83,0
DA:85,0
DA:86,0
DA:87,0
DA:88,0
DA:89,0
DA:90,0
DA:91,0
DA:92,0
DA:93,0
DA:96,0
DA:98,0
DA:100,0
DA:104,0
DA:105,0
DA:106,0
DA:107,0
DA:108,0
DA:109,0
DA:110,0
DA:111,0
DA:112,0
DA:114,0
DA:115,0
DA:119,0
DA:121,0
DA:127,0
DA:128,0
DA:129,0
DA:130,0
DA:131,0
DA:132,0
DA:133,0
DA:134,0
DA:135,0
DA:138,0
DA:140,0
LF:79
LH:0
BRDA:8,0,0,0
BRDA:8,0,1,0
BRDA:8,1,0,0
BRDA:8,1,1,0
BRDA:9,2,0,0
BRDA:9,2,1,0
BRDA:9,3,0,0
BRDA:9,3,1,0
BRDA:10,4,0,0
BRDA:10,4,1,0
BRDA:10,5,0,0
BRDA:10,5,1,0
BRDA:11,6,0,0
BRDA:11,6,1,0
BRDA:11,7,0,0
BRDA:11,7,1,0
BRDA:11,7,2,0
BRDA:11,8,0,0
BRDA:11,8,1,0
BRDA:18,9,0,0
BRDA:18,10,0,0
BRDA:20,11,0,0
BRDA:20,11,1,0
BRDA:20,12,0,0
BRDA:20,12,1,0
BRDA:21,13,0,0
BRDA:21,13,1,0
BRDA:26,14,0,0
BRDA:26,14,1,0
BRDA:43,15,0,0
BRDA:43,15,1,0
BRDA:54,16,0,0
BRDA:54,16,1,0
BRDA:55,17,0,0
BRDA:55,17,1,0
BRDA:57,18,0,0
BRDA:57,18,1,0
BRDA:58,19,0,0
BRDA:58,19,1,0
BRDA:60,20,0,0
BRDA:60,20,1,0
BRDA:61,21,0,0
BRDA:61,21,1,0
BRDA:62,22,0,0
BRDA:62,22,1,0
BRDA:63,23,0,0
BRDA:63,23,1,0
BRDA:89,24,0,0
BRDA:89,24,1,0
BRDA:90,25,0,0
BRDA:90,25,1,0
BRDA:90,26,0,0
BRDA:90,26,1,0
BRDA:91,27,0,0
BRDA:91,27,1,0
BRDA:91,28,0,0
BRDA:91,28,1,0
BRDA:92,29,0,0
BRDA:92,29,1,0
BRDA:92,30,0,0
BRDA:92,30,1,0
BRDA:93,31,0,0
BRDA:93,31,1,0
BRDA:93,32,0,0
BRDA:93,32,1,0
BRDA:107,33,0,0
BRDA:107,33,1,0
BRDA:107,34,0,0
BRDA:107,34,1,0
BRDA:112,35,0,0
BRDA:112,35,1,0
BRDA:130,36,0,0
BRDA:130,36,1,0
BRDA:130,37,0,0
BRDA:130,37,1,0
BRDA:134,38,0,0
BRDA:134,38,1,0
BRF:77
BRH:0
end_of_record
TN:
SF:controllers\payment.controller.js
FN:28,(anonymous_0)
FN:54,(anonymous_1)
FN:65,(anonymous_2)
FN:67,(anonymous_3)
FN:81,(anonymous_4)
FN:85,(anonymous_5)
FN:152,(anonymous_6)
FN:201,(anonymous_7)
FN:232,(anonymous_8)
FN:233,(anonymous_9)
FN:325,(anonymous_10)
FN:329,(anonymous_11)
FN:332,(anonymous_12)
FN:404,(anonymous_13)
FN:463,(anonymous_14)
FN:464,(anonymous_15)
FN:514,(anonymous_16)
FN:518,(anonymous_17)
FN:521,(anonymous_18)
FN:574,(anonymous_19)
FNF:20
FNH:6
FNDA:7,(anonymous_0)
FNDA:5,(anonymous_1)
FNDA:0,(anonymous_2)
FNDA:0,(anonymous_3)
FNDA:0,(anonymous_4)
FNDA:5,(anonymous_5)
FNDA:2,(anonymous_6)
FNDA:0,(anonymous_7)
FNDA:0,(anonymous_8)
FNDA:0,(anonymous_9)
FNDA:0,(anonymous_10)
FNDA:0,(anonymous_11)
FNDA:0,(anonymous_12)
FNDA:3,(anonymous_13)
FNDA:0,(anonymous_14)
FNDA:0,(anonymous_15)
FNDA:0,(anonymous_16)
FNDA:0,(anonymous_17)
FNDA:0,(anonymous_18)
FNDA:3,(anonymous_19)
DA:3,1
DA:4,1
DA:5,1
DA:6,1
DA:7,1
DA:8,1
DA:9,1
DA:10,1
DA:11,1
DA:12,1
DA:15,1
DA:17,1
DA:18,1
DA:20,1
DA:25,1
DA:28,1
DA:29,7
DA:30,7
DA:32,7
DA:39,7
DA:40,7
DA:41,7
DA:42,1
DA:43,1
DA:45,6
DA:48,6
DA:54,6
DA:55,5
DA:58,6
DA:59,6
DA:63,6
DA:64,6
DA:65,0
DA:66,0
DA:68,0
DA:69,0
DA:73,0
DA:74,0
DA:81,0
DA:85,6
DA:86,6
DA:89,6
DA:90,1
DA:91,1
DA:95,5
DA:96,5
DA:97,1
DA:98,1
DA:101,4
DA:103,4
DA:104,4
DA:107,4
DA:108,3
DA:110,3
DA:111,1
DA:114,2
DA:115,1
DA:118,1
DA:119,1
DA:122,1
DA:131,2
DA:138,2
DA:139,2
DA:140,2
DA:142,0
DA:143,0
DA:147,2
DA:148,2
DA:152,2
DA:163,0
DA:167,2
DA:168,2
DA:180,2
DA:182,0
DA:183,0
DA:187,2
DA:197,2
DA:201,1
DA:202,0
DA:205,0
DA:206,0
DA:207,0
DA:209,0
DA:210,0
DA:211,0
DA:214,0
DA:217,0
DA:218,0
DA:219,0
DA:222,0
DA:224,0
DA:225,0
DA:228,0
DA:231,0
DA:232,0
DA:233,0
DA:235,0
DA:236,0
DA:239,0
DA:243,0
DA:247,0
DA:248,0
DA:249,0
DA:253,0
DA:254,0
DA:255,0
DA:258,0
DA:259,0
DA:261,0
DA:262,0
DA:264,0
DA:269,0
DA:283,0
DA:284,0
DA:289,0
DA:293,0
DA:298,0
DA:301,0
DA:307,0
DA:319,0
DA:324,0
DA:325,0
DA:327,0
DA:330,0
DA:332,0
DA:334,0
DA:335,0
DA:349,0
DA:361,0
DA:362,0
DA:364,0
DA:369,0
DA:375,0
DA:376,0
DA:386,0
DA:388,0
DA:391,0
DA:393,0
DA:395,0
DA:396,0
DA:397,0
DA:398,0
DA:404,1
DA:405,3
DA:406,3
DA:407,3
DA:409,3
DA:410,1
DA:415,2
DA:442,2
DA:443,1
DA:446,1
DA:447,1
DA:450,1
DA:451,0
DA:453,0
DA:455,0
DA:457,0
DA:458,0
DA:462,0
DA:463,0
DA:464,0
DA:466,0
DA:467,0
DA:469,0
DA:473,0
DA:474,0
DA:476,0
DA:478,0
DA:483,0
DA:486,0
DA:492,0
DA:504,0
DA:509,0
DA:513,0
DA:514,0
DA:516,0
DA:519,0
DA:521,0
DA:523,0
DA:524,0
DA:538,0
DA:543,0
DA:544,0
DA:547,0
DA:549,0
DA:550,0
DA:551,0
DA:558,0
DA:563,1
DA:567,0
DA:568,0
DA:574,1
DA:575,3
DA:576,3
DA:578,3
DA:579,1
DA:582,2
DA:584,2
DA:621,2
DA:622,2
DA:623,1
DA:628,1
DA:631,1
DA:632,1
DA:633,0
DA:640,1
DA:644,1
DA:652,0
DA:653,0
LF:210
LH:94
BRDA:29,0,0,0
BRDA:29,1,0,7
BRDA:41,2,0,1
BRDA:41,2,1,6
BRDA:64,3,0,0
BRDA:64,3,1,6
BRDA:64,4,0,6
BRDA:64,4,1,6
BRDA:65,5,0,0
BRDA:65,5,1,0
BRDA:68,6,0,0
BRDA:68,6,1,0
BRDA:73,7,0,0
BRDA:73,7,1,0
BRDA:89,8,0,1
BRDA:89,8,1,5
BRDA:96,9,0,1
BRDA:96,9,1,4
BRDA:107,10,0,3
BRDA:107,10,1,1
BRDA:110,11,0,1
BRDA:110,11,1,2
BRDA:114,12,0,1
BRDA:114,12,1,1
BRDA:114,13,0,2
BRDA:114,13,1,2
BRDA:158,14,0,2
BRDA:158,14,1,1
BRDA:209,15,0,0
BRDA:209,15,1,0
BRDA:217,16,0,0
BRDA:217,16,1,0
BRDA:225,17,0,0
BRDA:225,17,1,0
BRDA:228,18,0,0
BRDA:228,18,1,0
BRDA:235,19,0,0
BRDA:235,19,1,0
BRDA:247,20,0,0
BRDA:247,20,1,0
BRDA:253,21,0,0
BRDA:253,21,1,0
BRDA:264,22,0,0
BRDA:264,22,1,0
BRDA:283,23,0,0
BRDA:283,23,1,0
BRDA:330,24,0,0
BRDA:330,24,1,0
BRDA:334,25,0,0
BRDA:334,25,1,0
BRDA:375,26,0,0
BRDA:375,26,1,0
BRDA:409,27,0,1
BRDA:409,27,1,2
BRDA:442,28,0,1
BRDA:442,28,1,1
BRDA:442,29,0,2
BRDA:442,29,1,2
BRDA:450,30,0,0
BRDA:450,30,1,1
BRDA:450,31,0,1
BRDA:450,31,1,1
BRDA:455,32,0,0
BRDA:455,32,1,0
BRDA:455,33,0,0
BRDA:455,33,1,0
BRDA:455,33,2,0
BRDA:457,34,0,0
BRDA:457,34,1,0
BRDA:458,35,0,0
BRDA:458,35,1,0
BRDA:466,36,0,0
BRDA:466,36,1,0
BRDA:469,37,0,0
BRDA:469,37,1,0
BRDA:509,38,0,0
BRDA:509,38,1,0
BRDA:519,39,0,0
BRDA:519,39,1,0
BRDA:523,40,0,0
BRDA:523,40,1,0
BRDA:578,41,0,1
BRDA:578,41,1,2
BRDA:622,42,0,1
BRDA:622,42,1,1
BRDA:632,43,0,0
BRDA:632,43,1,1
BRF:87
BRH:34
end_of_record
TN:
SF:controllers\profile.controller.js
FN:5,(anonymous_0)
FN:120,(anonymous_1)
FN:145,(anonymous_2)
FNF:3
FNH:0
FNDA:0,(anonymous_0)
FNDA:0,(anonymous_1)
FNDA:0,(anonymous_2)
DA:1,0
DA:2,0
DA:3,0
DA:5,0
DA:6,0
DA:7,0
DA:94,0
DA:95,0
DA:97,0
DA:98,0
DA:104,0
DA:111,0
DA:120,0
DA:121,0
DA:122,0
DA:123,0
DA:124,0
DA:130,0
DA:131,0
DA:133,0
DA:138,0
DA:145,0
DA:146,0
DA:147,0
DA:154,0
DA:155,0
DA:158,0
DA:163,0
LF:28
LH:0
BRDA:97,0,0,0
BRDA:97,0,1,0
BRDA:123,1,0,0
BRDA:123,1,1,0
BRDA:123,2,0,0
BRDA:123,2,1,0
BRDA:154,3,0,0
BRDA:154,3,1,0
BRF:8
BRH:0
end_of_record
TN:
SF:controllers\public.controller.js
FN:6,(anonymous_0)
FN:79,(anonymous_1)
FN:85,(anonymous_2)
FNF:3
FNH:0
FNDA:0,(anonymous_0)
FNDA:0,(anonymous_1)
FNDA:0,(anonymous_2)
DA:1,0
DA:2,0
DA:3,0
DA:4,0
DA:6,0
DA:7,0
DA:9,0
DA:10,0
DA:12,0
DA:79,0
DA:85,0
DA:86,0
DA:94,0
DA:96,0
LF:14
LH:0
BRF:0
BRH:0
end_of_record
TN:
SF:controllers\s3Controller.js
FN:3,(anonymous_0)
FN:29,(anonymous_1)
FNF:2
FNH:0
FNDA:0,(anonymous_0)
FNDA:0,(anonymous_1)
DA:1,0
DA:3,0
DA:4,0
DA:5,0
DA:7,0
DA:8,0
DA:12,0
DA:15,0
DA:20,0
DA:21,0
DA:24,0
DA:29,0
DA:30,0
DA:31,0
DA:33,0
DA:34,0
DA:38,0
DA:40,0
DA:42,0
DA:43,0
LF:20
LH:0
BRDA:7,0,0,0
BRDA:7,0,1,0
BRDA:7,1,0,0
BRDA:7,1,1,0
BRDA:21,2,0,0
BRDA:21,2,1,0
BRDA:21,3,0,0
BRDA:21,3,1,0
BRDA:33,4,0,0
BRDA:33,4,1,0
BRF:10
BRH:0
end_of_record
TN:
SF:controllers\subscription.controller.js
FN:8,(anonymous_0)
FN:30,(anonymous_1)
FNF:2
FNH:0
FNDA:0,(anonymous_0)
FNDA:0,(anonymous_1)
DA:1,0
DA:2,0
DA:3,0
DA:4,0
DA:8,0
DA:9,0
DA:11,0
DA:12,0
DA:18,0
DA:25,0
DA:26,0
DA:30,0
DA:43,0
LF:13
LH:0
BRDA:11,0,0,0
BRDA:11,0,1,0
BRDA:11,1,0,0
BRDA:11,1,1,0
BRDA:25,2,0,0
BRDA:25,2,1,0
BRDA:25,3,0,0
BRDA:25,3,1,0
BRDA:33,4,0,0
BRDA:33,4,1,0
BRDA:33,4,2,0
BRDA:37,5,0,0
BRDA:37,5,1,0
BRF:13
BRH:0
end_of_record
TN:
SF:controllers\student\student.controller.js
FN:5,(anonymous_0)
FN:62,(anonymous_1)
FN:80,(anonymous_2)
FN:106,(anonymous_3)
FN:107,(anonymous_4)
FN:138,(anonymous_5)
FNF:6
FNH:0
FNDA:0,(anonymous_0)
FNDA:0,(anonymous_1)
FNDA:0,(anonymous_2)
FNDA:0,(anonymous_3)
FNDA:0,(anonymous_4)
FNDA:0,(anonymous_5)
DA:1,0
DA:2,0
DA:5,0
DA:6,0
DA:8,0
DA:15,0
DA:21,0
DA:25,0
DA:30,0
DA:33,0
DA:45,0
DA:48,0
DA:56,0
DA:62,0
DA:63,0
DA:64,0
DA:69,0
DA:70,0
DA:73,0
DA:75,0
DA:80,0
DA:81,0
DA:82,0
DA:84,0
DA:86,0
DA:87,0
DA:88,0
DA:89,0
DA:90,0
DA:93,0
DA:95,0
DA:96,0
DA:98,0
DA:104,0
DA:105,0
DA:106,0
DA:108,0
DA:109,0
DA:113,0
DA:119,0
DA:120,0
DA:123,0
DA:129,0
DA:130,0
DA:138,0
DA:139,0
DA:140,0
DA:141,0
DA:142,0
DA:144,0
DA:145,0
DA:151,0
DA:156,0
DA:158,0
DA:159,0
DA:165,0
DA:166,0
DA:169,0
DA:174,0
DA:175,0
DA:179,0
LF:61
LH:0
BRDA:6,0,0,0
BRDA:6,0,1,0
BRDA:6,0,2,0
BRDA:6,0,3,0
BRDA:6,0,4,0
BRDA:6,0,5,0
BRDA:6,0,6,0
BRDA:6,0,7,0
BRDA:6,0,8,0
BRDA:16,1,0,0
BRDA:16,1,1,0
BRDA:21,2,0,0
BRDA:21,2,1,0
BRDA:22,3,0,0
BRDA:22,3,1,0
BRDA:26,4,0,0
BRDA:26,4,1,0
BRDA:34,5,0,0
BRDA:34,5,1,0
BRDA:34,5,2,0
BRDA:34,5,3,0
BRDA:49,6,0,0
BRDA:49,6,1,0
BRDA:49,6,2,0
BRDA:49,6,3,0
BRDA:69,7,0,0
BRDA:69,7,1,0
BRDA:84,8,0,0
BRDA:84,8,1,0
BRDA:87,9,0,0
BRDA:87,9,1,0
BRDA:95,10,0,0
BRDA:95,10,1,0
BRDA:119,11,0,0
BRDA:119,11,1,0
BRDA:144,12,0,0
BRDA:144,12,1,0
BRDA:165,13,0,0
BRDA:165,13,1,0
BRF:39
BRH:0
end_of_record
TN:
SF:controllers\student\wishlist.controller.js
FN:5,(anonymous_0)
FN:84,(anonymous_1)
FN:100,(anonymous_2)
FNF:3
FNH:0
FNDA:0,(anonymous_0)
FNDA:0,(anonymous_1)
FNDA:0,(anonymous_2)
DA:1,0
DA:2,0
DA:3,0
DA:5,0
DA:6,0
DA:7,0
DA:9,0
DA:68,0
DA:75,0
DA:76,0
DA:84,0
DA:85,0
DA:87,0
DA:88,0
DA:89,0
DA:91,0
DA:92,0
DA:98,0
DA:100,0
DA:101,0
DA:102,0
DA:108,0
DA:114,0
DA:115,0
DA:120,0
DA:121,0
DA:130,0
DA:132,0
DA:138,0
DA:139,0
DA:140,0
LF:31
LH:0
BRDA:91,0,0,0
BRDA:91,0,1,0
BRDA:101,1,0,0
BRDA:101,1,1,0
BRDA:114,2,0,0
BRDA:114,2,1,0
BRDA:120,3,0,0
BRDA:120,3,1,0
BRDA:134,4,0,0
BRDA:134,4,1,0
BRF:10
BRH:0
end_of_record
TN:
SF:jobs\analyticsView.job.js
FN:6,getISTMidnight
FN:15,(anonymous_1)
FN:33,(anonymous_2)
FN:38,(anonymous_3)
FNF:4
FNH:0
FNDA:0,getISTMidnight
FNDA:0,(anonymous_1)
FNDA:0,(anonymous_2)
FNDA:0,(anonymous_3)
DA:1,0
DA:2,0
DA:3,0
DA:4,0
DA:7,0
DA:10,0
DA:11,0
DA:15,0
DA:16,0
DA:18,0
DA:19,0
DA:24,0
DA:25,0
DA:27,0
DA:29,0
DA:32,0
DA:33,0
DA:34,0
DA:36,0
DA:38,0
DA:39,0
DA:40,0
DA:42,0
DA:44,0
DA:46,0
DA:70,0
DA:71,0
DA:74,0
DA:75,0
DA:78,0
LF:30
LH:0
BRDA:27,0,0,0
BRDA:27,0,1,0
BRDA:42,1,0,0
BRDA:42,1,1,0
BRDA:42,2,0,0
BRDA:42,2,1,0
BRDA:42,2,2,0
BRDA:44,3,0,0
BRDA:44,3,1,0
BRDA:70,4,0,0
BRDA:70,4,1,0
BRF:11
BRH:0
end_of_record
TN:
SF:jobs\email.job.js
FN:17,(anonymous_0)
FN:25,(anonymous_1)
FN:28,(anonymous_2)
FNF:3
FNH:0
FNDA:0,(anonymous_0)
FNDA:0,(anonymous_1)
FNDA:0,(anonymous_2)
DA:1,0
DA:2,0
DA:3,0
DA:4,0
DA:6,0
DA:8,0
DA:15,0
DA:17,0
DA:18,0
DA:25,0
DA:26,0
DA:29,0
DA:30,0
DA:40,0
LF:14
LH:0
BRDA:9,0,0,0
BRDA:9,0,1,0
BRDA:10,1,0,0
BRDA:10,1,1,0
BRDA:11,2,0,0
BRDA:11,2,1,0
BRF:6
BRH:0
end_of_record
TN:
SF:jobs\notification.job.js
FN:17,(anonymous_0)
FN:26,(anonymous_1)
FN:29,(anonymous_2)
FN:46,(anonymous_3)
FNF:4
FNH:0
FNDA:0,(anonymous_0)
FNDA:0,(anonymous_1)
FNDA:0,(anonymous_2)
FNDA:0,(anonymous_3)
DA:1,0
DA:2,0
DA:3,0
DA:4,0
DA:6,0
DA:8,0
DA:15,0
DA:17,0
DA:18,0
DA:26,0
DA:27,0
DA:30,0
DA:31,0
DA:33,0
DA:34,0
DA:35,0
DA:36,0
DA:37,0
DA:38,0
DA:39,0
DA:46,0
DA:47,0
DA:51,0
LF:23
LH:0
BRDA:9,0,0,0
BRDA:9,0,1,0
BRDA:10,1,0,0
BRDA:10,1,1,0
BRDA:11,2,0,0
BRDA:11,2,1,0
BRDA:35,3,0,0
BRDA:35,3,1,0
BRDA:36,4,0,0
BRDA:36,4,1,0
BRDA:36,5,0,0
BRDA:36,5,1,0
BRDA:37,6,0,0
BRDA:37,6,1,0
BRDA:37,7,0,0
BRDA:37,7,1,0
BRDA:38,8,0,0
BRDA:38,8,1,0
BRDA:38,9,0,0
BRDA:38,9,1,0
BRDA:39,10,0,0
BRDA:39,10,1,0
BRDA:39,11,0,0
BRDA:39,11,1,0
BRDA:47,12,0,0
BRDA:47,12,1,0
BRF:26
BRH:0
end_of_record
TN:
SF:jobs\subscription.job.js
FN:17,(anonymous_0)
FN:25,(anonymous_1)
FN:28,(anonymous_2)
FNF:3
FNH:0
FNDA:0,(anonymous_0)
FNDA:0,(anonymous_1)
FNDA:0,(anonymous_2)
DA:1,0
DA:2,0
DA:3,0
DA:4,0
DA:6,0
DA:8,0
DA:15,0
DA:17,0
DA:18,0
DA:22,0
DA:25,0
DA:26,0
DA:29,0
DA:30,0
DA:31,0
DA:35,0
DA:36,0
DA:38,0
DA:46,0
LF:19
LH:0
BRDA:9,0,0,0
BRDA:9,0,1,0
BRDA:10,1,0,0
BRDA:10,1,1,0
BRDA:11,2,0,0
BRDA:11,2,1,0
BRDA:29,3,0,0
BRDA:29,3,1,0
BRDA:35,4,0,0
BRDA:35,4,1,0
BRF:10
BRH:0
end_of_record
TN:
SF:jobs\wishlist.job.js
FN:25,(anonymous_0)
FN:29,(anonymous_1)
FN:33,(anonymous_2)
FNF:3
FNH:0
FNDA:0,(anonymous_0)
FNDA:0,(anonymous_1)
FNDA:0,(anonymous_2)
DA:1,0
DA:2,0
DA:3,0
DA:4,0
DA:6,0
DA:8,0
DA:15,0
DA:25,0
DA:26,0
DA:29,0
DA:30,0
DA:31,0
DA:34,0
DA:35,0
DA:37,0
DA:38,0
DA:43,0
DA:44,0
DA:46,0
DA:47,0
DA:49,0
DA:52,0
DA:53,0
DA:64,0
LF:24
LH:0
BRDA:9,0,0,0
BRDA:9,0,1,0
BRDA:10,1,0,0
BRDA:10,1,1,0
BRDA:11,2,0,0
BRDA:11,2,1,0
BRDA:43,3,0,0
BRDA:43,3,1,0
BRDA:46,4,0,0
BRDA:46,4,1,0
BRF:10
BRH:0
end_of_record
TN:
SF:middleware\errorHandler.js
FN:3,(anonymous_0)
FN:23,(anonymous_1)
FNF:2
FNH:0
FNDA:0,(anonymous_0)
FNDA:0,(anonymous_1)
DA:1,0
DA:3,0
DA:4,0
DA:22,0
DA:23,0
DA:24,0
DA:25,0
DA:29,0
DA:30,0
DA:31,0
DA:32,0
DA:36,0
DA:42,0
LF:13
LH:0
BRDA:15,0,0,0
BRDA:15,0,1,0
BRDA:22,1,0,0
BRDA:22,1,1,0
BRDA:29,2,0,0
BRDA:29,2,1,0
BRF:6
BRH:0
end_of_record
TN:
SF:middleware\fileUpload.middleware.js
FN:6,(anonymous_0)
FNF:1
FNH:0
FNDA:0,(anonymous_0)
DA:1,0
DA:2,0
DA:4,0
DA:6,0
DA:7,0
DA:8,0
DA:10,0
DA:11,0
DA:12,0
DA:13,0
DA:15,0
DA:19,0
DA:27,0
LF:13
LH:0
BRDA:10,0,0,0
BRDA:10,0,1,0
BRDA:10,1,0,0
BRDA:10,1,1,0
BRDA:12,2,0,0
BRDA:12,2,1,0
BRDA:12,3,0,0
BRDA:12,3,1,0
BRF:8
BRH:0
end_of_record
TN:
SF:middleware\globalAuth.middleware.js
FN:13,(anonymous_0)
FN:26,(anonymous_1)
FN:57,(anonymous_2)
FNF:3
FNH:0
FNDA:0,(anonymous_0)
FNDA:0,(anonymous_1)
FNDA:0,(anonymous_2)
DA:1,0
DA:2,0
DA:9,0
DA:10,0
DA:11,0
DA:13,0
DA:14,0
DA:15,0
DA:17,0
DA:26,0
DA:28,0
DA:29,0
DA:30,0
DA:31,0
DA:35,0
DA:36,0
DA:37,0
DA:38,0
DA:39,0
DA:40,0
DA:41,0
DA:43,0
DA:44,0
DA:45,0
DA:46,0
DA:48,0
DA:53,0
DA:54,0
DA:55,0
DA:56,0
DA:57,0
DA:58,0
DA:59,0
DA:60,0
DA:61,0
DA:62,0
DA:63,0
DA:64,0
DA:66,0
DA:67,0
DA:70,0
DA:71,0
DA:74,0
DA:76,0
DA:77,0
DA:78,0
DA:79,0
DA:80,0
DA:81,0
DA:85,0
DA:86,0
DA:88,0
DA:89,0
DA:90,0
DA:91,0
DA:92,0
DA:95,0
DA:98,0
DA:99,0
DA:100,0
DA:101,0
DA:102,0
DA:103,0
DA:104,0
DA:108,0
DA:109,0
DA:110,0
DA:111,0
DA:112,0
DA:115,0
DA:116,0
DA:117,0
DA:120,0
DA:121,0
DA:122,0
DA:124,0
DA:127,0
DA:128,0
DA:129,0
DA:133,0
LF:80
LH:0
BRDA:26,0,0,0
BRDA:26,0,1,0
BRDA:29,1,0,0
BRDA:29,1,1,0
BRDA:36,2,0,0
BRDA:36,2,1,0
BRDA:43,3,0,0
BRDA:43,3,1,0
BRDA:55,4,0,0
BRDA:55,4,1,0
BRDA:59,5,0,0
BRDA:59,5,1,0
BRDA:77,6,0,0
BRDA:77,6,1,0
BRDA:77,7,0,0
BRDA:77,7,1,0
BRDA:99,8,0,0
BRDA:99,8,1,0
BRF:18
BRH:0
end_of_record
TN:
SF:middleware\rateLimiter.js
FNF:0
FNH:0
DA:1,0
DA:4,0
LF:2
LH:0
BRF:0
BRH:0
end_of_record
TN:
SF:middleware\role.middleware.js
FN:7,(anonymous_0)
FN:8,(anonymous_1)
FNF:2
FNH:0
FNDA:0,(anonymous_0)
FNDA:0,(anonymous_1)
DA:7,0
DA:8,0
DA:9,0
DA:10,0
DA:11,0
DA:14,0
DA:15,0
DA:18,0
DA:20,0
DA:21,0
DA:26,0
LF:11
LH:0
BRDA:7,0,0,0
BRDA:10,1,0,0
BRDA:10,1,1,0
BRDA:14,2,0,0
BRDA:14,2,1,0
BRF:5
BRH:0
end_of_record
TN:
SF:middleware\validators.js
FN:12,(anonymous_0)
FN:32,(anonymous_1)
FN:42,(anonymous_2)
FN:51,(anonymous_3)
FN:62,(anonymous_4)
FN:70,(anonymous_5)
FN:78,(anonymous_6)
FN:96,(anonymous_7)
FN:106,(anonymous_8)
FN:206,(anonymous_9)
FN:260,(anonymous_10)
FN:345,(anonymous_11)
FN:435,(anonymous_12)
FN:778,(anonymous_13)
FN:845,(anonymous_14)
FN:919,(anonymous_15)
FN:956,(anonymous_16)
FN:1257,(anonymous_17)
FN:1286,(anonymous_18)
FN:1300,(anonymous_19)
FN:1347,(anonymous_20)
FN:1399,(anonymous_21)
FN:1517,(anonymous_22)
FNF:23
FNH:0
FNDA:0,(anonymous_0)
FNDA:0,(anonymous_1)
FNDA:0,(anonymous_2)
FNDA:0,(anonymous_3)
FNDA:0,(anonymous_4)
FNDA:0,(anonymous_5)
FNDA:0,(anonymous_6)
FNDA:0,(anonymous_7)
FNDA:0,(anonymous_8)
FNDA:0,(anonymous_9)
FNDA:0,(anonymous_10)
FNDA:0,(anonymous_11)
FNDA:0,(anonymous_12)
FNDA:0,(anonymous_13)
FNDA:0,(anonymous_14)
FNDA:0,(anonymous_15)
FNDA:0,(anonymous_16)
FNDA:0,(anonymous_17)
FNDA:0,(anonymous_18)
FNDA:0,(anonymous_19)
FNDA:0,(anonymous_20)
FNDA:0,(anonymous_21)
FNDA:0,(anonymous_22)
DA:7,0
DA:8,0
DA:9,0
DA:12,0
DA:13,0
DA:14,0
DA:15,0
DA:17,0
DA:21,0
DA:29,0
DA:32,0
DA:42,0
DA:52,0
DA:63,0
DA:70,0
DA:78,0
DA:89,0
DA:93,0
DA:96,0
DA:106,0
DA:120,0
DA:150,0
DA:168,0
DA:206,0
DA:207,0
DA:208,0
DA:209,0
DA:211,0
DA:212,0
DA:213,0
DA:217,0
DA:223,0
DA:224,0
DA:225,0
DA:227,0
DA:228,0
DA:230,0
DA:231,0
DA:233,0
DA:234,0
DA:236,0
DA:237,0
DA:239,0
DA:241,0
DA:242,0
DA:244,0
DA:246,0
DA:249,0
DA:253,0
DA:260,0
DA:263,0
DA:265,0
DA:270,0
DA:294,0
DA:322,0
DA:345,0
DA:360,0
DA:389,0
DA:436,0
DA:437,0
DA:438,0
DA:439,0
DA:440,0
DA:442,0
DA:501,0
DA:536,0
DA:570,0
DA:617,0
DA:743,0
DA:779,0
DA:780,0
DA:782,0
DA:811,0
DA:846,0
DA:847,0
DA:849,0
DA:882,0
DA:919,0
DA:921,0
DA:922,0
DA:925,0
DA:926,0
DA:928,0
DA:929,0
DA:931,0
DA:932,0
DA:934,0
DA:935,0
DA:937,0
DA:938,0
DA:940,0
DA:941,0
DA:943,0
DA:944,0
DA:946,0
DA:947,0
DA:950,0
DA:952,0
DA:956,0
DA:957,0
DA:959,0
DA:962,0
DA:1025,0
DA:1079,0
DA:1139,0
DA:1201,0
DA:1227,0
DA:1257,0
DA:1258,0
DA:1260,0
DA:1261,0
DA:1262,0
DA:1265,0
DA:1266,0
DA:1267,0
DA:1268,0
DA:1269,0
DA:1270,0
DA:1273,0
DA:1280,0
DA:1283,0
DA:1284,0
DA:1285,0
DA:1286,0
DA:1288,0
DA:1289,0
DA:1290,0
DA:1291,0
DA:1295,0
DA:1298,0
DA:1299,0
DA:1300,0
DA:1301,0
DA:1302,0
DA:1303,0
DA:1304,0
DA:1308,0
DA:1311,0
DA:1315,0
DA:1319,0
DA:1320,0
DA:1323,0
DA:1324,0
DA:1327,0
DA:1328,0
DA:1331,0
DA:1332,0
DA:1334,0
DA:1335,0
DA:1337,0
DA:1338,0
DA:1340,0
DA:1343,0
DA:1344,0
DA:1345,0
DA:1346,0
DA:1347,0
DA:1348,0
DA:1349,0
DA:1350,0
DA:1354,0
DA:1364,0
DA:1367,0
DA:1370,0
DA:1372,0
DA:1374,0
DA:1375,0
DA:1378,0
DA:1379,0
DA:1382,0
DA:1383,0
DA:1386,0
DA:1387,0
DA:1389,0
DA:1391,0
DA:1394,0
DA:1397,0
DA:1398,0
DA:1399,0
DA:1401,0
DA:1402,0
DA:1403,0
DA:1404,0
DA:1409,0
DA:1412,0
DA:1413,0
DA:1414,0
DA:1415,0
DA:1417,0
DA:1421,0
DA:1422,0
DA:1430,0
DA:1465,0
DA:1518,0
DA:1519,0
DA:1520,0
DA:1523,0
DA:1532,0
DA:1533,0
DA:1534,0
DA:1535,0
DA:1536,0
DA:1537,0
DA:1542,0
DA:1543,0
DA:1544,0
DA:1545,0
DA:1546,0
DA:1547,0
DA:1550,0
DA:1551,0
LF:211
LH:0
BRDA:14,0,0,0
BRDA:14,0,1,0
BRDA:52,1,0,0
BRDA:52,1,1,0
BRDA:63,2,0,0
BRDA:63,2,1,0
BRDA:212,3,0,0
BRDA:212,3,1,0
BRDA:225,4,0,0
BRDA:225,4,1,0
BRDA:225,4,2,0
BRDA:225,4,3,0
BRDA:225,4,4,0
BRDA:225,4,5,0
BRDA:225,4,6,0
BRDA:225,4,7,0
BRDA:225,4,8,0
BRDA:439,5,0,0
BRDA:439,5,1,0
BRDA:779,6,0,0
BRDA:779,6,1,0
BRDA:846,7,0,0
BRDA:846,7,1,0
BRDA:925,8,0,0
BRDA:925,8,1,0
BRDA:929,9,0,0
BRDA:929,9,1,0
BRDA:929,9,2,0
BRDA:929,9,3,0
BRDA:929,9,4,0
BRDA:929,9,5,0
BRDA:929,9,6,0
BRDA:929,9,7,0
BRDA:929,9,8,0
BRDA:1260,10,0,0
BRDA:1260,10,1,0
BRDA:1269,11,0,0
BRDA:1269,11,1,0
BRDA:1269,12,0,0
BRDA:1269,12,1,0
BRDA:1289,13,0,0
BRDA:1289,13,1,0
BRDA:1302,14,0,0
BRDA:1302,14,1,0
BRDA:1315,15,0,0
BRDA:1315,15,1,0
BRDA:1315,15,2,0
BRDA:1315,15,3,0
BRDA:1315,15,4,0
BRDA:1315,15,5,0
BRDA:1315,15,6,0
BRDA:1315,15,7,0
BRDA:1315,15,8,0
BRDA:1343,16,0,0
BRDA:1343,16,1,0
BRDA:1345,17,0,0
BRDA:1345,17,1,0
BRDA:1349,18,0,0
BRDA:1349,18,1,0
BRDA:1372,19,0,0
BRDA:1372,19,1,0
BRDA:1372,19,2,0
BRDA:1372,19,3,0
BRDA:1372,19,4,0
BRDA:1372,19,5,0
BRDA:1372,19,6,0
BRDA:1397,20,0,0
BRDA:1397,20,1,0
BRDA:1402,21,0,0
BRDA:1402,21,1,0
BRDA:1519,22,0,0
BRDA:1519,22,1,0
BRF:72
BRH:0
end_of_record
TN:
SF:models\Analytics.js
FNF:0
FNH:0
DA:1,0
DA:4,0
DA:18,0
DA:19,0
DA:21,0
DA:23,0
LF:6
LH:0
BRF:0
BRH:0
end_of_record
TN:
SF:models\AnalyticsDaily.js
FNF:0
FNH:0
DA:1,0
DA:3,0
DA:14,0
DA:19,0
LF:4
LH:0
BRF:0
BRH:0
end_of_record
TN:
SF:models\Branch.js
FNF:0
FNH:0
DA:1,0
DA:3,0
DA:35,0
DA:37,0
LF:4
LH:0
BRF:0
BRH:0
end_of_record
TN:
SF:models\Course.js
FN:126,(anonymous_0)
FN:144,(anonymous_1)
FN:153,(anonymous_2)
FN:171,(anonymous_3)
FN:180,(anonymous_4)
FNF:5
FNH:0
FNDA:0,(anonymous_0)
FNDA:0,(anonymous_1)
FNDA:0,(anonymous_2)
FNDA:0,(anonymous_3)
FNDA:0,(anonymous_4)
DA:1,0
DA:2,0
DA:3,0
DA:5,0
DA:122,0
DA:126,0
DA:127,0
DA:128,0
DA:129,0
DA:138,0
DA:141,0
DA:145,0
DA:148,0
DA:153,0
DA:154,0
DA:155,0
DA:156,0
DA:157,0
DA:166,0
DA:168,0
DA:172,0
DA:175,0
DA:180,0
DA:181,0
DA:182,0
DA:183,0
DA:187,0
DA:190,0
DA:194,0
LF:29
LH:0
BRDA:3,0,0,0
BRDA:3,0,1,0
BRDA:128,1,0,0
BRDA:128,1,1,0
BRDA:134,2,0,0
BRDA:134,2,1,0
BRDA:135,3,0,0
BRDA:135,3,1,0
BRDA:155,4,0,0
BRDA:155,4,1,0
BRDA:156,5,0,0
BRDA:156,5,1,0
BRDA:162,6,0,0
BRDA:162,6,1,0
BRDA:163,7,0,0
BRDA:163,7,1,0
BRDA:182,8,0,0
BRDA:182,8,1,0
BRF:18
BRH:0
end_of_record
TN:
SF:models\Enquiries.js
FNF:0
FNH:0
DA:1,0
DA:3,0
DA:60,0
DA:61,0
LF:4
LH:0
BRF:0
BRH:0
end_of_record
TN:
SF:models\InstituteAdmin.js
FN:128,(anonymous_0)
FN:142,(anonymous_1)
FN:149,(anonymous_2)
FNF:3
FNH:0
FNDA:0,(anonymous_0)
FNDA:0,(anonymous_1)
FNDA:0,(anonymous_2)
DA:1,0
DA:2,0
DA:3,0
DA:4,0
DA:6,0
DA:128,0
DA:129,0
DA:130,0
DA:133,0
DA:134,0
DA:136,0
DA:137,0
DA:139,0
DA:142,0
DA:145,0
DA:146,0
DA:149,0
DA:151,0
DA:154,0
DA:160,0
DA:163,0
DA:166,0
DA:168,0
LF:23
LH:0
BRDA:129,0,0,0
BRDA:129,0,1,0
BRDA:129,1,0,0
BRDA:129,1,1,0
BRDA:136,2,0,0
BRDA:136,2,1,0
BRDA:145,3,0,0
BRDA:145,3,1,0
BRF:8
BRH:0
end_of_record
TN:
SF:models\Institution.js
FNF:0
FNH:0
DA:1,0
DA:3,0
DA:9,0
DA:95,0
DA:97,0
DA:148,0
DA:153,0
DA:163,0
DA:169,0
DA:205,0
DA:259,0
DA:265,0
DA:271,0
DA:324,0
DA:329,0
DA:334,0
DA:339,0
DA:379,0
DA:385,0
LF:19
LH:0
BRF:0
BRH:0
end_of_record
TN:
SF:models\Notification.js
FNF:0
FNH:0
DA:1,0
DA:3,0
DA:32,0
DA:33,0
DA:34,0
DA:35,0
DA:36,0
DA:38,0
DA:41,0
DA:42,0
DA:45,0
LF:11
LH:0
BRF:0
BRH:0
end_of_record
TN:
SF:models\Order.js
FNF:0
FNH:0
DA:4,0
DA:6,0
DA:35,0
LF:3
LH:0
BRF:0
BRH:0
end_of_record
TN:
SF:models\Session.js
FNF:0
FNH:0
DA:1,0
DA:3,0
DA:20,0
DA:25,0
DA:26,0
LF:5
LH:0
BRF:0
BRH:0
end_of_record
TN:
SF:models\Subscription.js
FNF:0
FNH:0
DA:1,0
DA:3,0
DA:45,0
DA:47,0
LF:4
LH:0
BRF:0
BRH:0
end_of_record
TN:
SF:models\coupon.js
FNF:0
FNH:0
DA:1,0
DA:3,0
DA:64,0
DA:66,0
LF:4
LH:0
BRF:0
BRH:0
end_of_record
TN:
SF:models\userStats.js
FNF:0
FNH:0
DA:1,0
DA:3,0
DA:33,0
DA:35,0
LF:4
LH:0
BRF:0
BRH:0
end_of_record
TN:
SF:models\wishlist.js
FNF:0
FNH:0
DA:1,0
DA:3,0
DA:19,0
DA:21,0
LF:4
LH:0
BRF:0
BRH:0
end_of_record
TN:
SF:routes\analytics.routes.js
FNF:0
FNH:0
DA:1,0
DA:2,0
DA:3,0
DA:5,0
DA:7,0
LF:5
LH:0
BRF:0
BRH:0
end_of_record
TN:
SF:routes\auth.routes.js
FNF:0
FNH:0
DA:1,0
DA:2,0
DA:3,0
DA:7,0
DA:8,0
DA:12,0
DA:13,0
DA:23,0
DA:25,0
DA:27,0
DA:38,0
DA:46,0
DA:48,0
DA:49,0
DA:50,0
DA:51,0
DA:53,0
LF:17
LH:0
BRF:0
BRH:0
end_of_record
TN:
SF:routes\branch.routes.js
FNF:0
FNH:0
DA:1,0
DA:2,0
DA:3,0
DA:5,0
DA:7,0
DA:11,0
DA:16,0
LF:7
LH:0
BRF:0
BRH:0
end_of_record
TN:
SF:routes\coupon.routes.js
FNF:0
FNH:0
DA:1,0
DA:2,0
DA:4,0
DA:5,0
DA:7,0
DA:8,0
DA:9,0
DA:11,0
LF:8
LH:0
BRF:0
BRH:0
end_of_record
TN:
SF:routes\course.routes.js
FNF:0
FNH:0
DA:1,0
DA:2,0
DA:3,0
DA:4,0
DA:6,0
DA:8,0
DA:16,0
DA:18,0
DA:20,0
DA:21,0
DA:22,0
DA:24,0
DA:26,0
DA:28,0
DA:37,0
LF:15
LH:0
BRF:0
BRH:0
end_of_record
TN:
SF:routes\dashboard.routes.js
FNF:0
FNH:0
DA:2,0
DA:3,0
DA:4,0
DA:5,0
DA:7,0
DA:10,0
DA:17,0
DA:29,0
DA:43,0
DA:49,0
DA:54,0
LF:11
LH:0
BRF:0
BRH:0
end_of_record
TN:
SF:routes\enquiries.routes.js
FNF:0
FNH:0
DA:1,0
DA:2,0
DA:14,0
DA:20,0
DA:23,0
DA:26,0
DA:31,0
DA:34,0
DA:37,0
DA:40,0
DA:42,0
LF:11
LH:0
BRF:0
BRH:0
end_of_record
TN:
SF:routes\google.routes.js
FNF:0
FNH:0
DA:1,0
DA:2,0
DA:3,0
DA:5,0
DA:7,0
LF:5
LH:0
BRF:0
BRH:0
end_of_record
TN:
SF:routes\institution.routes.js
FNF:0
FNH:0
DA:1,0
DA:2,0
DA:3,0
DA:4,0
DA:7,0
DA:8,0
DA:10,0
DA:12,0
DA:19,0
DA:22,0
DA:29,0
DA:34,0
DA:40,0
LF:13
LH:0
BRF:0
BRH:0
end_of_record
TN:
SF:routes\notification.routes.js
FNF:0
FNH:0
DA:1,0
DA:2,0
DA:3,0
DA:6,0
DA:9,0
DA:12,0
DA:15,0
DA:17,0
LF:8
LH:0
BRF:0
BRH:0
end_of_record
TN:
SF:routes\payment.routes.js
FNF:0
FNH:0
DA:1,0
DA:2,0
DA:4,0
DA:5,0
DA:8,0
DA:11,0
DA:12,0
DA:13,0
DA:15,0
LF:9
LH:0
BRF:0
BRH:0
end_of_record
TN:
SF:routes\profile.routes.js
FNF:0
FNH:0
DA:2,0
DA:3,0
DA:4,0
DA:6,0
DA:7,0
DA:11,0
LF:6
LH:0
BRF:0
BRH:0
end_of_record
TN:
SF:routes\public.routes.js
FNF:0
FNH:0
DA:1,0
DA:2,0
DA:4,0
DA:11,0
DA:13,0
LF:5
LH:0
BRF:0
BRH:0
end_of_record
TN:
SF:routes\s3.routes.js
FNF:0
FNH:0
DA:1,0
DA:2,0
DA:4,0
DA:6,0
DA:7,0
DA:9,0
LF:6
LH:0
BRF:0
BRH:0
end_of_record
TN:
SF:routes\subscription.routes.js
FNF:0
FNH:0
DA:1,0
DA:2,0
DA:4,0
DA:7,0
DA:9,0
LF:5
LH:0
BRF:0
BRH:0
end_of_record
TN:
SF:routes\student\student.routes.js
FN:36,(anonymous_0)
FNF:1
FNH:0
FNDA:0,(anonymous_0)
DA:1,0
DA:2,0
DA:3,0
DA:8,0
DA:10,0
DA:12,0
DA:19,0
DA:38,0
DA:39,0
DA:40,0
DA:43,0
DA:46,0
DA:47,0
DA:48,0
DA:52,0
DA:53,0
DA:56,0
DA:82,0
DA:101,0
LF:19
LH:0
BRDA:39,0,0,0
BRDA:39,0,1,0
BRDA:47,1,0,0
BRDA:47,1,1,0
BRDA:52,2,0,0
BRDA:52,2,1,0
BRF:6
BRH:0
end_of_record
TN:
SF:routes\student\wishlist.routes.js
FNF:0
FNH:0
DA:1,0
DA:2,0
DA:4,0
DA:6,0
DA:10,0
LF:5
LH:0
BRF:0
BRH:0
end_of_record
TN:
SF:services\dashboard.service.js
FN:13,getFullStructuredData
FN:32,(anonymous_1)
FNF:2
FNH:0
FNDA:0,getFullStructuredData
FNDA:0,(anonymous_1)
DA:1,0
DA:2,0
DA:3,0
DA:4,0
DA:5,0
DA:14,0
DA:17,0
DA:18,0
DA:19,0
DA:21,0
DA:23,0
DA:24,0
DA:27,0
DA:28,0
DA:31,0
DA:33,0
DA:34,0
DA:39,0
DA:45,0
DA:46,0
DA:49,0
LF:21
LH:0
BRDA:18,0,0,0
BRDA:18,0,1,0
BRDA:18,1,0,0
BRDA:18,1,1,0
BRF:4
BRH:0
end_of_record
TN:
SF:services\otp.service.js
FN:7,(anonymous_0)
FN:56,(anonymous_1)
FN:102,(anonymous_2)
FN:110,(anonymous_3)
FN:183,(anonymous_4)
FN:251,(anonymous_5)
FN:286,(anonymous_6)
FN:326,(anonymous_7)
FN:357,(anonymous_8)
FN:385,(anonymous_9)
FN:413,(anonymous_10)
FNF:11
FNH:0
FNDA:0,(anonymous_0)
FNDA:0,(anonymous_1)
FNDA:0,(anonymous_2)
FNDA:0,(anonymous_3)
FNDA:0,(anonymous_4)
FNDA:0,(anonymous_5)
FNDA:0,(anonymous_6)
FNDA:0,(anonymous_7)
FNDA:0,(anonymous_8)
FNDA:0,(anonymous_9)
FNDA:0,(anonymous_10)
DA:1,0
DA:2,0
DA:3,0
DA:4,0
DA:5,0
DA:7,0
DA:8,0
DA:9,0
DA:24,0
DA:31,0
DA:32,0
DA:34,0
DA:36,0
DA:37,0
DA:38,0
DA:42,0
DA:43,0
DA:45,0
DA:48,0
DA:52,0
DA:56,0
DA:57,0
DA:58,0
DA:63,0
DA:65,0
DA:71,0
DA:73,0
DA:78,0
DA:80,0
DA:82,0
DA:83,0
DA:84,0
DA:88,0
DA:89,0
DA:91,0
DA:94,0
DA:98,0
DA:102,0
DA:103,0
DA:104,0
DA:110,0
DA:111,0
DA:112,0
DA:113,0
DA:114,0
DA:116,0
DA:122,0
DA:124,0
DA:125,0
DA:131,0
DA:133,0
DA:139,0
DA:144,0
DA:146,0
DA:153,0
DA:160,0
DA:166,0
DA:168,0
DA:173,0
DA:175,0
DA:179,0
DA:183,0
DA:184,0
DA:185,0
DA:186,0
DA:187,0
DA:189,0
DA:195,0
DA:197,0
DA:198,0
DA:204,0
DA:206,0
DA:212,0
DA:214,0
DA:221,0
DA:228,0
DA:234,0
DA:236,0
DA:241,0
DA:243,0
DA:247,0
DA:251,0
DA:252,0
DA:254,0
DA:255,0
DA:256,0
DA:257,0
DA:259,0
DA:262,0
DA:264,0
DA:265,0
DA:269,0
DA:271,0
DA:275,0
DA:278,0
DA:282,0
DA:286,0
DA:287,0
DA:288,0
DA:290,0
DA:292,0
DA:298,0
DA:300,0
DA:309,0
DA:311,0
DA:316,0
DA:318,0
DA:322,0
DA:326,0
DA:328,0
DA:329,0
DA:330,0
DA:331,0
DA:332,0
DA:334,0
DA:341,0
DA:343,0
DA:347,0
DA:349,0
DA:353,0
DA:357,0
DA:358,0
DA:359,0
DA:360,0
DA:362,0
DA:363,0
DA:364,0
DA:368,0
DA:370,0
DA:374,0
DA:377,0
DA:381,0
DA:385,0
DA:386,0
DA:387,0
DA:388,0
DA:390,0
DA:397,0
DA:399,0
DA:403,0
DA:405,0
DA:409,0
DA:413,0
DA:415,0
DA:416,0
DA:417,0
DA:422,0
DA:424,0
DA:429,0
LF:149
LH:0
BRDA:7,0,0,0
BRDA:18,1,0,0
BRDA:18,1,1,0
BRDA:37,2,0,0
BRDA:37,2,1,0
BRDA:42,3,0,0
BRDA:42,3,1,0
BRDA:49,4,0,0
BRDA:49,4,1,0
BRDA:83,5,0,0
BRDA:83,5,1,0
BRDA:88,6,0,0
BRDA:88,6,1,0
BRDA:95,7,0,0
BRDA:95,7,1,0
BRDA:103,8,0,0
BRDA:103,8,1,0
BRDA:124,9,0,0
BRDA:124,9,1,0
BRDA:197,10,0,0
BRDA:197,10,1,0
BRDA:254,11,0,0
BRDA:254,11,1,0
BRDA:256,12,0,0
BRDA:256,12,1,0
BRDA:264,13,0,0
BRDA:264,13,1,0
BRDA:362,14,0,0
BRDA:362,14,1,0
BRF:29
BRH:0
end_of_record
TN:
SF:services\subscriptionManager.js
FN:5,(anonymous_0)
FNF:1
FNH:0
FNDA:0,(anonymous_0)
DA:1,0
DA:2,0
DA:5,0
DA:6,0
DA:8,0
DA:9,0
DA:19,0
DA:20,0
DA:23,0
LF:9
LH:0
BRDA:19,0,0,0
BRDA:19,0,1,0
BRF:2
BRH:0
end_of_record
TN:
SF:services\upload.service.js
FN:3,(anonymous_0)
FN:4,(anonymous_1)
FN:5,(anonymous_2)
FNF:3
FNH:0
FNDA:0,(anonymous_0)
FNDA:0,(anonymous_1)
FNDA:0,(anonymous_2)
DA:1,0
DA:3,0
DA:4,0
DA:5,0
DA:6,0
DA:7,0
DA:9,0
DA:13,0
DA:17,0
LF:9
LH:0
BRDA:6,0,0,0
BRDA:6,0,1,0
BRF:2
BRH:0
end_of_record
TN:
SF:utils\AppError.js
FN:2,(anonymous_0)
FNF:1
FNH:1
FNDA:5,(anonymous_0)
DA:3,5
DA:5,5
DA:6,5
DA:7,5
DA:9,5
DA:13,1
LF:6
LH:6
BRDA:6,0,0,5
BRDA:6,0,1,0
BRF:2
BRH:1
end_of_record
TN:
SF:utils\cookie.util.js
FN:20,(anonymous_0)
FN:37,(anonymous_1)
FN:39,(anonymous_2)
FN:47,(anonymous_3)
FN:60,(anonymous_4)
FN:70,(anonymous_5)
FN:85,(anonymous_6)
FN:86,(anonymous_7)
FN:98,(anonymous_8)
FNF:9
FNH:0
FNDA:0,(anonymous_0)
FNDA:0,(anonymous_1)
FNDA:0,(anonymous_2)
FNDA:0,(anonymous_3)
FNDA:0,(anonymous_4)
FNDA:0,(anonymous_5)
FNDA:0,(anonymous_6)
FNDA:0,(anonymous_7)
FNDA:0,(anonymous_8)
DA:1,0
DA:4,0
DA:21,0
DA:24,0
DA:25,0
DA:28,0
DA:38,0
DA:39,0
DA:40,0
DA:48,0
DA:61,0
DA:71,0
DA:86,0
DA:87,0
DA:100,0
DA:103,0
DA:104,0
DA:105,0
DA:109,0
DA:110,0
DA:112,0
DA:120,0
LF:22
LH:0
BRDA:20,0,0,0
BRDA:24,1,0,0
BRDA:24,1,1,0
BRDA:24,2,0,0
BRDA:24,2,1,0
BRDA:37,3,0,0
BRDA:38,4,0,0
BRDA:38,4,1,0
BRDA:47,5,0,0
BRDA:70,6,0,0
BRDA:85,7,0,0
BRDA:85,8,0,0
BRDA:98,9,0,0
BRDA:104,10,0,0
BRDA:104,10,1,0
BRDA:104,11,0,0
BRDA:104,11,1,0
BRF:17
BRH:0
end_of_record
TN:
SF:utils\jwt.util.js
FN:12,(anonymous_0)
FN:36,(anonymous_1)
FN:45,(anonymous_2)
FN:58,(anonymous_3)
FN:72,(anonymous_4)
FN:84,(anonymous_5)
FN:96,(anonymous_6)
FN:110,(anonymous_7)
FN:125,(anonymous_8)
FN:134,(anonymous_9)
FN:167,(anonymous_10)
FNF:11
FNH:0
FNDA:0,(anonymous_0)
FNDA:0,(anonymous_1)
FNDA:0,(anonymous_2)
FNDA:0,(anonymous_3)
FNDA:0,(anonymous_4)
FNDA:0,(anonymous_5)
FNDA:0,(anonymous_6)
FNDA:0,(anonymous_7)
FNDA:0,(anonymous_8)
FNDA:0,(anonymous_9)
FNDA:0,(anonymous_10)
DA:1,0
DA:2,0
DA:3,0
DA:12,0
DA:13,0
DA:14,0
DA:17,0
DA:18,0
DA:19,0
DA:20,0
DA:22,0
DA:25,0
DA:36,0
DA:37,0
DA:45,0
DA:46,0
DA:47,0
DA:49,0
DA:58,0
DA:59,0
DA:60,0
DA:61,0
DA:63,0
DA:72,0
DA:73,0
DA:74,0
DA:76,0
DA:84,0
DA:85,0
DA:86,0
DA:88,0
DA:96,0
DA:97,0
DA:98,0
DA:99,0
DA:101,0
DA:110,0
DA:111,0
DA:112,0
DA:113,0
DA:115,0
DA:125,0
DA:126,0
DA:127,0
DA:129,0
DA:130,0
DA:131,0
DA:134,0
DA:136,0
DA:138,0
DA:139,0
DA:140,0
DA:142,0
DA:143,0
DA:145,0
DA:148,0
DA:149,0
DA:155,0
DA:156,0
DA:157,0
DA:160,0
DA:162,0
DA:163,0
DA:167,0
DA:172,0
DA:173,0
DA:174,0
DA:176,0
DA:177,0
DA:179,0
DA:182,0
DA:183,0
DA:189,0
DA:191,0
DA:192,0
DA:193,0
DA:194,0
DA:197,0
DA:199,0
DA:200,0
DA:204,0
LF:81
LH:0
BRDA:12,0,0,0
BRDA:13,1,0,0
BRDA:13,1,1,0
BRDA:17,2,0,0
BRDA:17,2,1,0
BRDA:18,3,0,0
BRDA:18,3,1,0
BRDA:19,4,0,0
BRDA:19,4,1,0
BRDA:20,5,0,0
BRDA:20,5,1,0
BRDA:36,6,0,0
BRDA:61,7,0,0
BRDA:61,7,1,0
BRDA:73,8,0,0
BRDA:73,8,1,0
BRDA:73,9,0,0
BRDA:73,9,1,0
BRDA:85,10,0,0
BRDA:85,10,1,0
BRDA:85,11,0,0
BRDA:85,11,1,0
BRDA:99,12,0,0
BRDA:99,12,1,0
BRDA:113,13,0,0
BRDA:113,13,1,0
BRDA:127,14,0,0
BRDA:127,14,1,0
BRDA:127,15,0,0
BRDA:127,15,1,0
BRDA:136,16,0,0
BRDA:136,16,1,0
BRDA:140,17,0,0
BRDA:140,17,1,0
BRDA:140,18,0,0
BRDA:140,18,1,0
BRDA:148,19,0,0
BRDA:148,19,1,0
BRDA:174,20,0,0
BRDA:174,20,1,0
BRDA:182,21,0,0
BRDA:182,21,1,0
BRF:42
BRH:0
end_of_record
TN:
SF:utils\redis.util.js
FN:10,(anonymous_0)
FN:23,(anonymous_1)
FN:32,(anonymous_2)
FN:43,(anonymous_3)
FN:56,(anonymous_4)
FN:66,(anonymous_5)
FN:75,(anonymous_6)
FN:86,(anonymous_7)
FN:95,(anonymous_8)
FN:100,(anonymous_9)
FN:105,(anonymous_10)
FN:114,(anonymous_11)
FN:136,(anonymous_12)
FN:146,(anonymous_13)
FN:151,(anonymous_14)
FN:156,(anonymous_15)
FN:161,(anonymous_16)
FN:170,(anonymous_17)
FN:184,(anonymous_18)
FN:190,(anonymous_19)
FN:202,(anonymous_20)
FNF:21
FNH:0
FNDA:0,(anonymous_0)
FNDA:0,(anonymous_1)
FNDA:0,(anonymous_2)
FNDA:0,(anonymous_3)
FNDA:0,(anonymous_4)
FNDA:0,(anonymous_5)
FNDA:0,(anonymous_6)
FNDA:0,(anonymous_7)
FNDA:0,(anonymous_8)
FNDA:0,(anonymous_9)
FNDA:0,(anonymous_10)
FNDA:0,(anonymous_11)
FNDA:0,(anonymous_12)
FNDA:0,(anonymous_13)
FNDA:0,(anonymous_14)
FNDA:0,(anonymous_15)
FNDA:0,(anonymous_16)
FNDA:0,(anonymous_17)
FNDA:0,(anonymous_18)
FNDA:0,(anonymous_19)
FNDA:0,(anonymous_20)
DA:1,0
DA:11,0
DA:12,0
DA:13,0
DA:24,0
DA:25,0
DA:33,0
DA:34,0
DA:44,0
DA:45,0
DA:57,0
DA:58,0
DA:67,0
DA:68,0
DA:76,0
DA:77,0
DA:87,0
DA:88,0
DA:89,0
DA:90,0
DA:92,0
DA:96,0
DA:97,0
DA:101,0
DA:102,0
DA:106,0
DA:107,0
DA:108,0
DA:110,0
DA:115,0
DA:117,0
DA:118,0
DA:120,0
DA:121,0
DA:122,0
DA:124,0
DA:125,0
DA:137,0
DA:139,0
DA:140,0
DA:142,0
DA:147,0
DA:148,0
DA:152,0
DA:153,0
DA:157,0
DA:158,0
DA:166,0
DA:167,0
DA:171,0
DA:172,0
DA:174,0
DA:180,0
DA:185,0
DA:186,0
DA:187,0
DA:191,0
DA:192,0
DA:193,0
DA:194,0
DA:195,0
DA:196,0
DA:198,0
DA:203,0
DA:204,0
DA:205,0
DA:209,0
LF:67
LH:0
BRDA:56,0,0,0
BRDA:88,1,0,0
BRDA:88,1,1,0
BRDA:88,2,0,0
BRDA:88,2,1,0
BRDA:95,3,0,0
BRDA:114,4,0,0
BRDA:115,5,0,0
BRDA:115,5,1,0
BRDA:118,6,0,0
BRDA:118,6,1,0
BRDA:118,7,0,0
BRDA:118,7,1,0
BRDA:137,8,0,0
BRDA:137,8,1,0
BRDA:151,9,0,0
BRDA:164,10,0,0
BRDA:184,11,0,0
BRDA:185,12,0,0
BRDA:185,12,1,0
BRDA:191,13,0,0
BRDA:191,13,1,0
BRDA:194,14,0,0
BRDA:194,14,1,0
BRDA:203,15,0,0
BRDA:203,15,1,0
BRF:26
BRH:0
end_of_record
TN:
SF:utils\s3Util.js
FN:5,generateUploadUrl
FN:23,generatePublicUrl
FNF:2
FNH:0
FNDA:0,generateUploadUrl
FNDA:0,generatePublicUrl
DA:1,0
DA:2,0
DA:3,0
DA:6,0
DA:8,0
DA:15,0
DA:18,0
DA:20,0
DA:24,0
DA:29,0
DA:30,0
DA:33,0
LF:12
LH:0
BRF:0
BRH:0
end_of_record
TN:
SF:utils\socket.js
FN:3,setIO
FN:7,getIO
FNF:2
FNH:0
FNDA:0,setIO
FNDA:0,getIO
DA:1,0
DA:4,0
DA:8,0
DA:11,0
LF:4
LH:0
BRF:0
BRH:0
end_of_record
TN:
SF:utils\token.utils.js
FN:15,(anonymous_0)
FNF:1
FNH:0
FNDA:0,(anonymous_0)
DA:1,0
DA:2,0
DA:3,0
DA:4,0
DA:5,0
DA:15,0
DA:16,0
DA:17,0
DA:19,0
DA:21,0
DA:22,0
DA:24,0
DA:25,0
DA:27,0
DA:37,0
DA:41,0
DA:42,0
DA:50,0
DA:56,0
LF:19
LH:0
BRDA:15,0,0,0
BRDA:17,1,0,0
BRDA:17,1,1,0
BRDA:41,2,0,0
BRDA:41,2,1,0
BRF:5
BRH:0
end_of_record
